TN:
SF:middleware/audit.js
FN:36,(anonymous_0)
FN:39,(anonymous_1)
FN:88,(anonymous_2)
FN:90,(anonymous_3)
FN:91,(anonymous_4)
FN:94,metricsEndpoint
FN:106,requestId
FN:107,(anonymous_7)
FN:115,requestLogger
FN:116,(anonymous_9)
FN:118,(anonymous_10)
FN:138,(anonymous_11)
FN:179,redactValue
FN:183,(anonymous_13)
FN:188,deepRedact
FN:194,(anonymous_15)
FN:211,clampMetadataSize
FN:229,audit
FN:231,(anonymous_18)
FN:234,(anonymous_19)
FN:267,(anonymous_20)
FN:292,(anonymous_21)
FNF:22
FNH:4
FNDA:0,(anonymous_0)
FNDA:0,(anonymous_1)
FNDA:0,(anonymous_2)
FNDA:0,(anonymous_3)
FNDA:0,(anonymous_4)
FNDA:0,metricsEndpoint
FNDA:0,requestId
FNDA:0,(anonymous_7)
FNDA:0,requestLogger
FNDA:0,(anonymous_9)
FNDA:0,(anonymous_10)
FNDA:0,(anonymous_11)
FNDA:0,redactValue
FNDA:0,(anonymous_13)
FNDA:0,deepRedact
FNDA:0,(anonymous_15)
FNDA:0,clampMetadataSize
FNDA:8,audit
FNDA:2,(anonymous_18)
FNDA:2,(anonymous_19)
FNDA:2,(anonymous_20)
FNDA:0,(anonymous_21)
DA:17,8
DA:26,8
DA:27,8
DA:28,0
DA:34,8
DA:36,0
DA:37,8
DA:39,0
DA:42,8
DA:43,8
DA:45,8
DA:52,8
DA:60,8
DA:68,8
DA:75,8
DA:81,8
DA:88,8
DA:89,0
DA:90,8
DA:91,8
DA:95,0
DA:96,0
DA:97,0
DA:99,0
DA:100,0
DA:101,0
DA:107,0
DA:108,0
DA:109,0
DA:110,0
DA:111,0
DA:116,0
DA:118,0
DA:120,0
DA:122,0
DA:128,0
DA:129,0
DA:134,0
DA:136,0
DA:138,0
DA:139,0
DA:140,0
DA:141,0
DA:142,0
DA:143,0
DA:145,0
DA:146,0
DA:151,0
DA:154,0
DA:155,0
DA:156,0
DA:161,8
DA:180,0
DA:181,0
DA:182,0
DA:183,0
DA:184,0
DA:185,0
DA:189,0
DA:190,0
DA:191,0
DA:192,0
DA:194,0
DA:196,0
DA:197,0
DA:198,0
DA:199,0
DA:200,0
DA:202,0
DA:203,0
DA:205,0
DA:208,0
DA:212,0
DA:213,0
DA:214,0
DA:215,0
DA:217,0
DA:231,8
DA:232,2
DA:234,2
DA:235,2
DA:236,2
DA:238,2
DA:240,2
DA:243,2
DA:246,2
DA:247,2
DA:248,2
DA:251,0
DA:252,0
DA:256,2
DA:257,0
DA:258,0
DA:262,2
DA:263,2
DA:266,2
DA:268,2
DA:269,2
DA:283,0
DA:285,2
DA:289,2
DA:293,0
DA:294,0
DA:298,2
DA:299,2
DA:300,2
LF:106
LH:39
BRDA:18,0,0,8
BRDA:18,0,1,0
BRDA:21,1,0,8
BRDA:21,1,1,0
BRDA:27,2,0,0
BRDA:27,2,1,8
BRDA:30,3,0,0
BRDA:30,3,1,0
BRDA:31,4,0,0
BRDA:31,4,1,0
BRDA:34,5,0,0
BRDA:34,5,1,8
BRDA:37,6,0,0
BRDA:37,6,1,8
BRDA:88,7,0,0
BRDA:100,8,0,0
BRDA:100,8,1,0
BRDA:109,9,0,0
BRDA:109,9,1,0
BRDA:120,10,0,0
BRDA:120,10,1,0
BRDA:120,10,2,0
BRDA:120,10,3,0
BRDA:180,11,0,0
BRDA:180,11,1,0
BRDA:180,12,0,0
BRDA:180,12,1,0
BRDA:181,13,0,0
BRDA:181,13,1,0
BRDA:181,14,0,0
BRDA:181,14,1,0
BRDA:182,15,0,0
BRDA:182,15,1,0
BRDA:182,16,0,0
BRDA:182,16,1,0
BRDA:183,17,0,0
BRDA:183,17,1,0
BRDA:184,18,0,0
BRDA:184,18,1,0
BRDA:188,19,0,0
BRDA:189,20,0,0
BRDA:189,20,1,0
BRDA:189,21,0,0
BRDA:189,21,1,0
BRDA:190,22,0,0
BRDA:190,22,1,0
BRDA:191,23,0,0
BRDA:191,23,1,0
BRDA:194,24,0,0
BRDA:194,24,1,0
BRDA:198,25,0,0
BRDA:198,25,1,0
BRDA:202,26,0,0
BRDA:202,26,1,0
BRDA:202,27,0,0
BRDA:202,27,1,0
BRDA:211,28,0,0
BRDA:214,29,0,0
BRDA:214,29,1,0
BRDA:229,30,0,0
BRDA:240,31,0,2
BRDA:240,31,1,2
BRDA:240,31,2,0
BRDA:243,32,0,2
BRDA:243,32,1,2
BRDA:248,33,0,0
BRDA:248,33,1,2
BRDA:252,34,0,0
BRDA:252,34,1,0
BRDA:256,35,0,0
BRDA:256,35,1,2
BRDA:256,36,0,2
BRDA:256,36,1,0
BRDA:263,37,0,0
BRDA:263,37,1,2
BRDA:273,38,0,2
BRDA:273,38,1,0
BRDA:274,39,0,2
BRDA:274,39,1,0
BRDA:278,40,0,2
BRDA:278,40,1,0
BRDA:289,41,0,0
BRDA:289,41,1,2
BRDA:294,42,0,0
BRDA:294,42,1,0
BRF:85
BRH:17
end_of_record
TN:
SF:middleware/auth.js
FN:4,getCookieName
FN:12,getTokenFromReq
FN:27,requireAuth
FN:55,verifyTokenOptional
FN:76,requireAdmin
FNF:5
FNH:0
FNDA:0,getCookieName
FNDA:0,getTokenFromReq
FNDA:0,requireAuth
FNDA:0,verifyTokenOptional
FNDA:0,requireAdmin
DA:5,0
DA:14,0
DA:15,0
DA:18,0
DA:19,0
DA:20,0
DA:23,0
DA:28,0
DA:29,0
DA:30,0
DA:32,0
DA:33,0
DA:34,0
DA:39,0
DA:41,0
DA:43,0
DA:48,0
DA:50,0
DA:56,0
DA:57,0
DA:58,0
DA:59,0
DA:61,0
DA:62,0
DA:63,0
DA:72,0
DA:77,0
DA:78,0
DA:80,0
LF:29
LH:0
BRDA:5,0,0,0
BRDA:5,0,1,0
BRDA:12,1,0,0
BRDA:12,2,0,0
BRDA:14,3,0,0
BRDA:14,3,1,0
BRDA:15,4,0,0
BRDA:15,4,1,0
BRDA:18,5,0,0
BRDA:18,5,1,0
BRDA:19,6,0,0
BRDA:19,6,1,0
BRDA:20,7,0,0
BRDA:20,7,1,0
BRDA:30,8,0,0
BRDA:30,8,1,0
BRDA:33,9,0,0
BRDA:33,9,1,0
BRDA:41,10,0,0
BRDA:41,10,1,0
BRDA:59,11,0,0
BRDA:59,11,1,0
BRDA:59,12,0,0
BRDA:59,12,1,0
BRDA:62,13,0,0
BRDA:62,13,1,0
BRDA:77,14,0,0
BRDA:77,14,1,0
BRDA:77,15,0,0
BRDA:77,15,1,0
BRF:30
BRH:0
end_of_record
TN:
SF:middleware/csrf.js
FN:7,(anonymous_0)
FN:13,buildCsrf
FN:25,(anonymous_2)
FN:38,setCsrfCookie
FN:68,(anonymous_4)
FNF:5
FNH:0
FNDA:0,(anonymous_0)
FNDA:0,buildCsrf
FNDA:0,(anonymous_2)
FNDA:0,setCsrfCookie
FNDA:0,(anonymous_4)
DA:7,8
DA:14,0
DA:16,0
DA:26,0
DA:39,0
DA:40,0
DA:42,0
DA:43,0
DA:58,8
DA:69,0
LF:10
LH:2
BRDA:13,0,0,0
BRDA:13,1,0,0
BRDA:14,2,0,0
BRDA:14,2,1,0
BRDA:21,3,0,0
BRDA:21,3,1,0
BRDA:26,4,0,0
BRDA:26,4,1,0
BRDA:26,4,2,0
BRDA:26,4,3,0
BRDA:26,4,4,0
BRDA:39,5,0,0
BRDA:39,5,1,0
BRDA:40,6,0,0
BRDA:40,6,1,0
BRDA:47,7,0,0
BRDA:47,7,1,0
BRDA:58,8,0,8
BRDA:58,8,1,0
BRDA:65,9,0,0
BRDA:65,9,1,0
BRDA:69,10,0,0
BRDA:69,10,1,0
BRDA:69,10,2,0
BRDA:69,10,3,0
BRDA:69,10,4,0
BRF:26
BRH:1
end_of_record
TN:
SF:middleware/errorHandler.js
FN:3,notFoundHandler
FN:7,errorHandler
FNF:2
FNH:0
FNDA:0,notFoundHandler
FNDA:0,errorHandler
DA:4,0
DA:9,0
DA:13,0
DA:16,0
DA:18,0
DA:22,0
DA:23,0
DA:24,0
DA:30,0
LF:9
LH:0
BRDA:9,0,0,0
BRDA:9,0,1,0
BRDA:11,1,0,0
BRDA:11,1,1,0
BRDA:11,1,2,0
BRDA:16,2,0,0
BRDA:16,2,1,0
BRDA:22,3,0,0
BRDA:22,3,1,0
BRDA:23,4,0,0
BRDA:23,4,1,0
BRDA:23,5,0,0
BRDA:23,5,1,0
BRDA:26,6,0,0
BRDA:26,6,1,0
BRF:15
BRH:0
end_of_record
TN:
SF:middleware/limits.js
FN:5,enforceExpireLimit
FN:6,(anonymous_1)
FN:35,assertDeviceLimit
FNF:3
FNH:0
FNDA:0,enforceExpireLimit
FNDA:0,(anonymous_1)
FNDA:0,assertDeviceLimit
DA:6,0
DA:7,0
DA:8,0
DA:9,0
DA:11,0
DA:17,0
DA:21,0
DA:23,0
DA:24,0
DA:25,0
DA:30,0
DA:36,0
DA:42,0
DA:46,0
DA:48,0
DA:49,0
DA:50,0
DA:51,0
DA:52,0
DA:53,0
LF:20
LH:0
BRDA:9,0,0,0
BRDA:9,0,1,0
BRDA:17,1,0,0
BRDA:17,1,1,0
BRDA:23,2,0,0
BRDA:23,2,1,0
BRDA:23,3,0,0
BRDA:23,3,1,0
BRDA:24,4,0,0
BRDA:24,4,1,0
BRDA:42,5,0,0
BRDA:42,5,1,0
BRDA:48,6,0,0
BRDA:48,6,1,0
BRF:14
BRH:0
end_of_record
TN:
SF:middleware/plan.js
FN:1,requirePremium
FNF:1
FNH:0
FNDA:0,requirePremium
DA:2,0
DA:5,0
DA:8,0
DA:9,0
DA:13,0
DA:15,0
LF:6
LH:0
BRDA:2,0,0,0
BRDA:2,0,1,0
BRDA:2,0,2,0
BRDA:5,1,0,0
BRDA:5,1,1,0
BRDA:8,2,0,0
BRDA:8,2,1,0
BRDA:8,3,0,0
BRDA:8,3,1,0
BRDA:13,4,0,0
BRDA:13,4,1,0
BRF:11
BRH:0
end_of_record
TN:
SF:middleware/rateLimits.js
FN:7,keyGenerator
FNF:1
FNH:1
FNDA:66,keyGenerator
DA:3,8
DA:4,8
DA:5,8
DA:8,66
DA:9,66
DA:10,66
DA:13,66
DA:16,8
DA:23,8
DA:30,8
DA:37,8
DA:44,8
DA:51,8
DA:58,8
LF:14
LH:14
BRDA:3,0,0,8
BRDA:3,0,1,8
BRDA:8,1,0,66
BRDA:8,1,1,66
BRDA:9,2,0,0
BRDA:9,2,1,66
BRDA:10,3,0,0
BRDA:10,3,1,66
BRDA:11,4,0,0
BRDA:11,4,1,0
BRDA:18,5,0,0
BRDA:18,5,1,8
BRDA:25,6,0,0
BRDA:25,6,1,8
BRDA:32,7,0,0
BRDA:32,7,1,8
BRDA:39,8,0,0
BRDA:39,8,1,8
BRDA:46,9,0,0
BRDA:46,9,1,8
BRDA:46,10,0,8
BRDA:46,10,1,8
BRDA:53,11,0,0
BRDA:53,11,1,8
BRDA:60,12,0,0
BRDA:60,12,1,8
BRF:26
BRH:15
end_of_record
TN:
SF:middleware/requirePremium.js
FN:10,requirePremium
FNF:1
FNH:0
FNDA:0,requirePremium
DA:2,0
DA:4,0
DA:11,0
DA:12,0
DA:14,0
DA:18,0
DA:20,0
DA:21,0
DA:22,0
DA:25,0
DA:31,0
DA:32,0
LF:12
LH:0
BRDA:12,0,0,0
BRDA:12,0,1,0
BRDA:18,1,0,0
BRDA:18,1,1,0
BRDA:20,2,0,0
BRDA:20,2,1,0
BRDA:20,3,0,0
BRDA:20,3,1,0
BRF:8
BRH:0
end_of_record
TN:
SF:middleware/roomAuth.js
FN:8,getRoomRole
FN:27,ensureRoleOrThrow
FN:36,requireRoomMember
FN:37,(anonymous_3)
FN:52,requireRoomAdmin
FN:53,(anonymous_5)
FN:68,assertRoomAdminOrThrow
FNF:7
FNH:0
FNDA:0,getRoomRole
FNDA:0,ensureRoleOrThrow
FNDA:0,requireRoomMember
FNDA:0,(anonymous_3)
FNDA:0,requireRoomAdmin
FNDA:0,(anonymous_5)
FNDA:0,assertRoomAdminOrThrow
DA:9,0
DA:12,0
DA:14,0
DA:24,0
DA:28,0
DA:29,0
DA:30,0
DA:37,0
DA:38,0
DA:39,0
DA:40,0
DA:41,0
DA:42,0
DA:44,0
DA:53,0
DA:54,0
DA:55,0
DA:56,0
DA:57,0
DA:58,0
DA:60,0
DA:69,0
DA:70,0
LF:23
LH:0
BRDA:9,0,0,0
BRDA:9,0,1,0
BRDA:12,1,0,0
BRDA:12,1,1,0
BRDA:24,2,0,0
BRDA:24,2,1,0
BRDA:28,3,0,0
BRDA:28,3,1,0
BRDA:29,4,0,0
BRDA:29,4,1,0
BRDA:36,5,0,0
BRDA:38,6,0,0
BRDA:38,6,1,0
BRDA:52,7,0,0
BRDA:54,8,0,0
BRDA:54,8,1,0
BRF:16
BRH:0
end_of_record
TN:
SF:middleware/socketAuth.js
FN:7,extractToken
FN:20,cookieSocketAuth
FN:21,(anonymous_2)
FNF:3
FNH:0
FNDA:0,extractToken
FNDA:0,cookieSocketAuth
FNDA:0,(anonymous_2)
DA:4,0
DA:5,0
DA:9,0
DA:10,0
DA:11,0
DA:14,0
DA:15,0
DA:17,0
DA:21,0
DA:22,0
DA:24,0
DA:26,0
DA:27,0
DA:29,0
DA:30,0
DA:33,0
DA:36,0
DA:37,0
DA:40,0
DA:42,0
DA:44,0
LF:21
LH:0
BRDA:4,0,0,0
BRDA:4,0,1,0
BRDA:9,1,0,0
BRDA:9,1,1,0
BRDA:10,2,0,0
BRDA:10,2,1,0
BRDA:11,3,0,0
BRDA:11,3,1,0
BRDA:14,4,0,0
BRDA:14,4,1,0
BRDA:15,5,0,0
BRDA:15,5,1,0
BRDA:27,6,0,0
BRDA:27,6,1,0
BRDA:29,7,0,0
BRDA:29,7,1,0
BRDA:40,8,0,0
BRDA:40,8,1,0
BRF:18
BRH:0
end_of_record
TN:
SF:middleware/validate.js
FN:2,(anonymous_0)
FN:3,(anonymous_1)
FNF:2
FNH:2
FNDA:16,(anonymous_0)
FNDA:21,(anonymous_1)
DA:2,8
DA:3,16
DA:4,21
DA:5,21
DA:6,0
DA:8,21
DA:9,21
LF:7
LH:6
BRDA:2,0,0,16
BRDA:5,1,0,0
BRDA:5,1,1,21
BRF:3
BRH:2
end_of_record
TN:
SF:middleware/verifyToken.js
FN:3,verifyToken
FNF:1
FNH:0
FNDA:0,verifyToken
DA:4,0
DA:6,0
DA:8,0
DA:9,0
DA:10,0
DA:11,0
DA:13,0
LF:7
LH:0
BRDA:6,0,0,0
BRDA:6,0,1,0
BRF:2
BRH:0
end_of_record
TN:
SF:routes/a11y.js
FN:27,userCanAccessMessage
FN:40,userInCall
FN:53,computeQuota
FN:84,(anonymous_3)
FN:121,(anonymous_4)
FN:132,(anonymous_5)
FN:211,(anonymous_6)
FN:229,(anonymous_7)
FN:258,(anonymous_8)
FN:311,(anonymous_9)
FNF:10
FNH:0
FNDA:0,userCanAccessMessage
FNDA:0,userInCall
FNDA:0,computeQuota
FNDA:0,(anonymous_3)
FNDA:0,(anonymous_4)
FNDA:0,(anonymous_5)
FNDA:0,(anonymous_6)
FNDA:0,(anonymous_7)
FNDA:0,(anonymous_8)
FNDA:0,(anonymous_9)
DA:9,0
DA:12,0
DA:28,0
DA:32,0
DA:33,0
DA:34,0
DA:37,0
DA:41,0
DA:45,0
DA:46,0
DA:50,0
DA:54,0
DA:60,0
DA:61,0
DA:62,0
DA:64,0
DA:67,0
DA:69,0
DA:70,0
DA:72,0
DA:84,0
DA:85,0
DA:86,0
DA:87,0
DA:88,0
DA:90,0
DA:91,0
DA:94,0
DA:113,0
DA:115,0
DA:116,0
DA:121,0
DA:122,0
DA:123,0
DA:124,0
DA:126,0
DA:127,0
DA:132,0
DA:133,0
DA:134,0
DA:135,0
DA:137,0
DA:138,0
DA:140,0
DA:144,0
DA:146,0
DA:147,0
DA:153,0
DA:154,0
DA:155,0
DA:156,0
DA:157,0
DA:159,0
DA:160,0
DA:163,0
DA:164,0
DA:165,0
DA:167,0
DA:168,0
DA:173,0
DA:176,0
DA:179,0
DA:180,0
DA:193,0
DA:203,0
DA:205,0
DA:206,0
DA:211,0
DA:212,0
DA:213,0
DA:214,0
DA:216,0
DA:220,0
DA:221,0
DA:223,0
DA:224,0
DA:229,0
DA:230,0
DA:231,0
DA:232,0
DA:233,0
DA:236,0
DA:240,0
DA:242,0
DA:245,0
DA:248,0
DA:250,0
DA:252,0
DA:253,0
DA:258,0
DA:259,0
DA:260,0
DA:261,0
DA:262,0
DA:264,0
DA:265,0
DA:268,0
DA:274,0
DA:275,0
DA:277,0
DA:280,0
DA:281,0
DA:293,0
DA:303,0
DA:305,0
DA:306,0
DA:311,0
DA:312,0
DA:313,0
DA:314,0
DA:316,0
DA:320,0
DA:321,0
DA:323,0
DA:324,0
LF:115
LH:0
BRDA:32,0,0,0
BRDA:32,0,1,0
BRDA:33,1,0,0
BRDA:33,1,1,0
BRDA:42,2,0,0
BRDA:42,2,1,0
BRDA:45,3,0,0
BRDA:45,3,1,0
BRDA:46,4,0,0
BRDA:46,4,1,0
BRDA:60,5,0,0
BRDA:60,5,1,0
BRDA:61,6,0,0
BRDA:61,6,1,0
BRDA:62,7,0,0
BRDA:62,7,1,0
BRDA:64,8,0,0
BRDA:64,8,1,0
BRDA:69,9,0,0
BRDA:69,9,1,0
BRDA:87,10,0,0
BRDA:87,10,1,0
BRDA:88,11,0,0
BRDA:88,11,1,0
BRDA:90,12,0,0
BRDA:90,12,1,0
BRDA:135,13,0,0
BRDA:135,13,1,0
BRDA:138,14,0,0
BRDA:138,14,1,0
BRDA:144,15,0,0
BRDA:144,15,1,0
BRDA:144,16,0,0
BRDA:144,16,1,0
BRDA:146,17,0,0
BRDA:146,17,1,0
BRDA:153,18,0,0
BRDA:153,18,1,0
BRDA:154,19,0,0
BRDA:154,19,1,0
BRDA:155,20,0,0
BRDA:155,20,1,0
BRDA:156,21,0,0
BRDA:156,21,1,0
BRDA:157,22,0,0
BRDA:157,22,1,0
BRDA:159,23,0,0
BRDA:159,23,1,0
BRDA:163,24,0,0
BRDA:163,24,1,0
BRDA:164,25,0,0
BRDA:164,25,1,0
BRDA:167,26,0,0
BRDA:167,26,1,0
BRDA:179,27,0,0
BRDA:179,27,1,0
BRDA:214,28,0,0
BRDA:214,28,1,0
BRDA:220,29,0,0
BRDA:220,29,1,0
BRDA:233,30,0,0
BRDA:233,30,1,0
BRDA:240,31,0,0
BRDA:240,31,1,0
BRDA:242,32,0,0
BRDA:242,32,1,0
BRDA:262,33,0,0
BRDA:262,33,1,0
BRDA:264,34,0,0
BRDA:264,34,1,0
BRDA:264,35,0,0
BRDA:264,35,1,0
BRDA:280,36,0,0
BRDA:280,36,1,0
BRDA:286,37,0,0
BRDA:286,37,1,0
BRDA:298,38,0,0
BRDA:298,38,1,0
BRDA:314,39,0,0
BRDA:314,39,1,0
BRDA:317,40,0,0
BRDA:317,40,1,0
BRDA:320,41,0,0
BRDA:320,41,1,0
BRF:84
BRH:0
end_of_record
TN:
SF:routes/adminAudit.js
FN:13,(anonymous_0)
FN:45,(anonymous_1)
FN:76,(anonymous_2)
FN:90,(anonymous_3)
FN:90,(anonymous_4)
FNF:5
FNH:0
FNDA:0,(anonymous_0)
FNDA:0,(anonymous_1)
FNDA:0,(anonymous_2)
FNDA:0,(anonymous_3)
FNDA:0,(anonymous_4)
DA:3,0
DA:5,0
DA:9,0
DA:10,0
DA:13,0
DA:14,0
DA:15,0
DA:16,0
DA:17,0
DA:19,0
DA:24,0
DA:37,0
DA:39,0
DA:40,0
DA:45,0
DA:46,0
DA:47,0
DA:49,0
DA:54,0
DA:63,0
DA:76,0
DA:89,0
DA:90,0
DA:93,0
DA:94,0
DA:95,0
DA:97,0
DA:98,0
LF:28
LH:0
BRDA:15,0,0,0
BRDA:15,0,1,0
BRDA:16,1,0,0
BRDA:16,1,1,0
BRDA:20,2,0,0
BRDA:20,2,1,0
BRDA:21,3,0,0
BRDA:21,3,1,0
BRDA:50,4,0,0
BRDA:50,4,1,0
BRDA:51,5,0,0
BRDA:51,5,1,0
BRDA:80,6,0,0
BRDA:80,6,1,0
BRDA:81,7,0,0
BRDA:81,7,1,0
BRDA:82,8,0,0
BRDA:82,8,1,0
BRDA:83,9,0,0
BRDA:83,9,1,0
BRDA:84,10,0,0
BRDA:84,10,1,0
BRDA:85,11,0,0
BRDA:85,11,1,0
BRDA:86,12,0,0
BRDA:86,12,1,0
BRDA:86,13,0,0
BRDA:86,13,1,0
BRF:28
BRH:0
end_of_record
TN:
SF:routes/adminReports.js
FN:12,(anonymous_0)
FN:50,(anonymous_1)
FN:78,(anonymous_2)
FN:98,(anonymous_3)
FN:127,(anonymous_4)
FNF:5
FNH:0
FNDA:0,(anonymous_0)
FNDA:0,(anonymous_1)
FNDA:0,(anonymous_2)
FNDA:0,(anonymous_3)
FNDA:0,(anonymous_4)
DA:3,0
DA:5,0
DA:9,0
DA:12,0
DA:13,0
DA:14,0
DA:15,0
DA:16,0
DA:18,0
DA:19,0
DA:42,0
DA:44,0
DA:45,0
DA:50,0
DA:51,0
DA:52,0
DA:53,0
DA:54,0
DA:64,0
DA:70,0
DA:72,0
DA:73,0
DA:78,0
DA:79,0
DA:80,0
DA:81,0
DA:84,0
DA:90,0
DA:92,0
DA:93,0
DA:98,0
DA:99,0
DA:100,0
DA:101,0
DA:102,0
DA:108,0
DA:114,0
DA:120,0
DA:121,0
DA:127,0
DA:128,0
DA:129,0
DA:131,0
DA:144,0
DA:150,0
DA:152,0
DA:153,0
LF:47
LH:0
BRDA:14,0,0,0
BRDA:14,0,1,0
BRDA:15,1,0,0
BRDA:15,1,1,0
BRDA:16,2,0,0
BRDA:16,2,1,0
BRDA:18,3,0,0
BRDA:18,3,1,0
BRDA:53,4,0,0
BRDA:53,4,1,0
BRDA:58,5,0,0
BRDA:58,5,1,0
BRDA:67,6,0,0
BRDA:67,6,1,0
BRDA:81,7,0,0
BRDA:81,7,1,0
BRDA:87,8,0,0
BRDA:87,8,1,0
BRDA:90,9,0,0
BRDA:90,9,1,0
BRDA:101,10,0,0
BRDA:101,10,1,0
BRDA:111,11,0,0
BRDA:111,11,1,0
BRDA:117,12,0,0
BRDA:117,12,1,0
BRF:26
BRH:0
end_of_record
TN:
SF:routes/adminUsers.js
FN:14,(anonymous_0)
FN:62,(anonymous_1)
FN:87,(anonymous_2)
FN:96,(anonymous_3)
FN:115,(anonymous_4)
FN:143,(anonymous_5)
FN:171,(anonymous_6)
FNF:7
FNH:0
FNDA:0,(anonymous_0)
FNDA:0,(anonymous_1)
FNDA:0,(anonymous_2)
FNDA:0,(anonymous_3)
FNDA:0,(anonymous_4)
FNDA:0,(anonymous_5)
FNDA:0,(anonymous_6)
DA:3,0
DA:5,0
DA:9,0
DA:11,0
DA:14,0
DA:15,0
DA:16,0
DA:17,0
DA:18,0
DA:20,0
DA:30,0
DA:54,0
DA:56,0
DA:57,0
DA:62,0
DA:63,0
DA:64,0
DA:65,0
DA:66,0
DA:67,0
DA:70,0
DA:73,0
DA:79,0
DA:81,0
DA:82,0
DA:87,0
DA:88,0
DA:89,0
DA:90,0
DA:91,0
DA:96,0
DA:98,0
DA:101,0
DA:107,0
DA:109,0
DA:110,0
DA:115,0
DA:116,0
DA:117,0
DA:118,0
DA:120,0
DA:126,0
DA:132,0
DA:137,0
DA:138,0
DA:143,0
DA:144,0
DA:145,0
DA:146,0
DA:148,0
DA:154,0
DA:160,0
DA:165,0
DA:166,0
DA:171,0
DA:172,0
DA:173,0
DA:174,0
DA:177,0
DA:183,0
DA:185,0
DA:186,0
LF:62
LH:0
BRDA:16,0,0,0
BRDA:16,0,1,0
BRDA:17,1,0,0
BRDA:17,1,1,0
BRDA:18,2,0,0
BRDA:18,2,1,0
BRDA:20,3,0,0
BRDA:20,3,1,0
BRDA:65,4,0,0
BRDA:65,4,1,0
BRDA:66,5,0,0
BRDA:66,5,1,0
BRDA:96,6,0,0
BRDA:96,6,1,0
BRDA:118,7,0,0
BRDA:118,7,1,0
BRDA:129,8,0,0
BRDA:129,8,1,0
BRDA:146,9,0,0
BRDA:146,9,1,0
BRDA:157,10,0,0
BRDA:157,10,1,0
BRF:22
BRH:0
end_of_record
TN:
SF:routes/ai.js
FN:23,tryParseJson
FN:43,maskProfanity
FN:47,(anonymous_2)
FN:50,(anonymous_3)
FN:51,(anonymous_4)
FN:54,callOpenAIForSuggestions
FN:55,(anonymous_6)
FN:74,(anonymous_7)
FN:99,(anonymous_8)
FN:107,(anonymous_9)
FN:108,(anonymous_10)
FN:119,(anonymous_11)
FN:133,(anonymous_12)
FN:140,(anonymous_13)
FN:150,(anonymous_14)
FN:162,(anonymous_15)
FNF:16
FNH:0
FNDA:0,tryParseJson
FNDA:0,maskProfanity
FNDA:0,(anonymous_2)
FNDA:0,(anonymous_3)
FNDA:0,(anonymous_4)
FNDA:0,callOpenAIForSuggestions
FNDA:0,(anonymous_6)
FNDA:0,(anonymous_7)
FNDA:0,(anonymous_8)
FNDA:0,(anonymous_9)
FNDA:0,(anonymous_10)
FNDA:0,(anonymous_11)
FNDA:0,(anonymous_12)
FNDA:0,(anonymous_13)
FNDA:0,(anonymous_14)
FNDA:0,(anonymous_15)
DA:9,0
DA:12,0
DA:20,0
DA:24,0
DA:25,0
DA:27,0
DA:28,0
DA:29,0
DA:30,0
DA:33,0
DA:34,0
DA:35,0
DA:36,0
DA:39,0
DA:44,0
DA:45,0
DA:47,0
DA:49,0
DA:50,0
DA:51,0
DA:55,0
DA:61,0
DA:70,0
DA:75,0
DA:81,0
DA:98,0
DA:99,0
DA:100,0
DA:103,0
DA:104,0
DA:105,0
DA:106,0
DA:107,0
DA:108,0
DA:115,0
DA:122,0
DA:130,0
DA:134,0
DA:135,0
DA:136,0
DA:140,0
DA:141,0
DA:142,0
DA:143,0
DA:146,0
DA:149,0
DA:150,0
DA:153,0
DA:159,0
DA:163,0
DA:164,0
DA:165,0
DA:167,0
DA:168,0
DA:170,0
DA:171,0
LF:56
LH:0
BRDA:28,0,0,0
BRDA:28,0,1,0
BRDA:34,1,0,0
BRDA:34,1,1,0
BRDA:44,2,0,0
BRDA:44,2,1,0
BRDA:45,3,0,0
BRDA:45,3,1,0
BRDA:49,4,0,0
BRDA:49,4,1,0
BRDA:51,5,0,0
BRDA:51,5,1,0
BRDA:55,6,0,0
BRDA:55,6,1,0
BRDA:57,7,0,0
BRDA:57,7,1,0
BRDA:58,8,0,0
BRDA:58,8,1,0
BRDA:71,9,0,0
BRDA:71,9,1,0
BRDA:75,10,0,0
BRDA:75,10,1,0
BRDA:75,11,0,0
BRDA:75,11,1,0
BRDA:88,12,0,0
BRDA:88,12,1,0
BRDA:98,13,0,0
BRDA:98,13,1,0
BRDA:100,14,0,0
BRDA:100,14,1,0
BRDA:104,15,0,0
BRDA:104,15,1,0
BRDA:105,16,0,0
BRDA:105,16,1,0
BRDA:106,17,0,0
BRDA:106,17,1,0
BRDA:107,18,0,0
BRDA:107,18,1,0
BRDA:134,19,0,0
BRDA:134,19,1,0
BRDA:135,20,0,0
BRDA:135,20,1,0
BRDA:135,21,0,0
BRDA:135,21,1,0
BRDA:140,22,0,0
BRDA:140,22,1,0
BRDA:141,23,0,0
BRDA:141,23,1,0
BRDA:142,24,0,0
BRDA:142,24,1,0
BRDA:149,25,0,0
BRDA:149,25,1,0
BRDA:163,26,0,0
BRDA:163,27,0,0
BRDA:163,27,1,0
BRDA:164,28,0,0
BRDA:164,28,1,0
BRDA:164,29,0,0
BRDA:164,29,1,0
BRDA:167,30,0,0
BRDA:167,30,1,0
BRF:61
BRH:0
end_of_record
TN:
SF:routes/ai.power.js
FN:10,llmChat
FN:21,(anonymous_1)
FN:29,(anonymous_2)
FN:47,(anonymous_3)
FN:66,(anonymous_4)
FNF:5
FNH:0
FNDA:0,llmChat
FNDA:0,(anonymous_1)
FNDA:0,(anonymous_2)
FNDA:0,(anonymous_3)
FNDA:0,(anonymous_4)
DA:7,0
DA:8,0
DA:11,0
DA:20,0
DA:21,0
DA:22,0
DA:24,0
DA:25,0
DA:29,0
DA:30,0
DA:31,0
DA:33,0
DA:36,0
DA:38,0
DA:45,0
DA:47,0
DA:51,0
DA:62,0
DA:66,0
DA:67,0
DA:68,0
DA:70,0
DA:82,0
LF:23
LH:0
BRDA:10,0,0,0
BRDA:10,1,0,0
BRDA:10,2,0,0
BRDA:10,3,0,0
BRDA:20,4,0,0
BRDA:20,4,1,0
BRDA:22,5,0,0
BRDA:22,5,1,0
BRDA:25,6,0,0
BRDA:25,6,1,0
BRDA:30,7,0,0
BRDA:30,8,0,0
BRDA:30,9,0,0
BRDA:30,9,1,0
BRDA:31,10,0,0
BRDA:31,10,1,0
BRDA:36,11,0,0
BRDA:36,11,1,0
BRDA:41,12,0,0
BRDA:41,12,1,0
BRDA:47,13,0,0
BRDA:47,13,1,0
BRDA:67,14,0,0
BRDA:67,15,0,0
BRDA:67,15,1,0
BRDA:68,16,0,0
BRDA:68,16,1,0
BRF:27
BRH:0
end_of_record
TN:
SF:routes/auth.js
FN:25,getCookieName
FN:28,getCookieCommon
FN:37,setJwtCookie
FN:40,clearJwtCookie
FN:46,(anonymous_4)
FN:74,(anonymous_5)
FN:83,(anonymous_6)
FN:151,(anonymous_7)
FN:212,(anonymous_8)
FN:287,(anonymous_9)
FN:297,(anonymous_10)
FN:330,(anonymous_11)
FN:340,(anonymous_12)
FN:387,(anonymous_13)
FNF:14
FNH:11
FNDA:22,getCookieName
FNDA:22,getCookieCommon
FNDA:21,setJwtCookie
FNDA:1,clearJwtCookie
FNDA:8,(anonymous_4)
FNDA:0,(anonymous_5)
FNDA:11,(anonymous_6)
FNDA:10,(anonymous_7)
FNDA:10,(anonymous_8)
FNDA:1,(anonymous_9)
FNDA:0,(anonymous_10)
FNDA:0,(anonymous_11)
FNDA:1,(anonymous_12)
FNDA:1,(anonymous_13)
DA:18,8
DA:19,8
DA:22,8
DA:26,22
DA:29,22
DA:38,21
DA:41,1
DA:46,8
DA:47,8
DA:48,8
DA:49,0
DA:56,8
DA:57,5
DA:65,0
DA:74,8
DA:75,0
DA:76,0
DA:80,8
DA:84,11
DA:86,11
DA:87,11
DA:89,11
DA:90,11
DA:92,11
DA:93,11
DA:96,11
DA:97,11
DA:111,0
DA:126,11
DA:127,11
DA:128,11
DA:130,11
DA:149,8
DA:152,10
DA:153,10
DA:155,10
DA:156,10
DA:160,10
DA:164,10
DA:165,1
DA:166,1
DA:167,1
DA:168,1
DA:169,1
DA:170,1
DA:171,1
DA:173,0
DA:174,0
DA:176,0
DA:177,0
DA:178,0
DA:180,0
DA:184,1
DA:188,9
DA:189,9
DA:190,9
DA:191,9
DA:193,0
DA:195,9
DA:196,0
DA:197,0
DA:198,0
DA:200,0
DA:204,9
DA:209,8
DA:213,10
DA:214,10
DA:218,10
DA:225,10
DA:226,4
DA:227,4
DA:228,4
DA:229,4
DA:233,0
DA:239,10
DA:242,10
DA:243,10
DA:244,10
DA:245,10
DA:246,10
DA:248,0
DA:251,10
DA:252,0
DA:253,0
DA:254,0
DA:256,0
DA:258,0
DA:260,10
DA:262,10
DA:268,10
DA:269,10
DA:271,10
DA:285,8
DA:288,1
DA:289,1
DA:294,8
DA:298,0
DA:321,0
DA:322,0
DA:327,8
DA:331,0
DA:332,0
DA:333,0
DA:338,8
DA:341,1
DA:342,1
DA:344,1
DA:345,1
DA:348,1
DA:349,1
DA:351,0
DA:352,0
DA:355,1
DA:356,1
DA:358,1
DA:359,1
DA:369,0
DA:375,1
DA:385,8
DA:388,1
DA:389,1
DA:390,1
DA:392,1
DA:393,1
DA:394,0
DA:395,0
DA:397,1
DA:399,1
DA:400,1
DA:401,1
DA:403,0
DA:406,1
LF:132
LH:97
BRDA:26,0,0,22
BRDA:26,0,1,22
BRDA:31,1,0,22
BRDA:31,1,1,22
BRDA:32,2,0,22
BRDA:32,2,1,22
BRDA:33,3,0,22
BRDA:33,3,1,22
BRDA:33,3,2,22
BRDA:34,4,0,22
BRDA:34,4,1,22
BRDA:48,5,0,0
BRDA:48,5,1,8
BRDA:51,6,0,0
BRDA:51,6,1,0
BRDA:52,7,0,0
BRDA:52,7,1,0
BRDA:53,8,0,0
BRDA:53,8,1,0
BRDA:84,9,0,11
BRDA:87,10,0,0
BRDA:87,10,1,11
BRDA:90,11,0,0
BRDA:90,11,1,11
BRDA:152,12,0,10
BRDA:152,12,1,0
BRDA:153,13,0,0
BRDA:153,13,1,10
BRDA:155,14,0,10
BRDA:155,14,1,0
BRDA:156,15,0,0
BRDA:156,15,1,10
BRDA:156,16,0,10
BRDA:156,16,1,10
BRDA:160,17,0,10
BRDA:160,17,1,1
BRDA:164,18,0,1
BRDA:164,18,1,9
BRDA:165,19,0,1
BRDA:165,19,1,0
BRDA:169,20,0,1
BRDA:169,20,1,0
BRDA:176,21,0,0
BRDA:176,21,1,0
BRDA:188,22,0,9
BRDA:188,22,1,9
BRDA:191,23,0,9
BRDA:191,23,1,0
BRDA:195,24,0,0
BRDA:195,24,1,9
BRDA:214,25,0,10
BRDA:214,25,1,0
BRDA:218,26,0,10
BRDA:218,26,1,10
BRDA:218,26,2,4
BRDA:218,26,3,0
BRDA:225,27,0,4
BRDA:225,27,1,6
BRDA:225,28,0,10
BRDA:225,28,1,4
BRDA:225,28,2,4
BRDA:225,28,3,0
BRDA:226,29,0,4
BRDA:226,29,1,4
BRDA:226,30,0,4
BRDA:226,30,1,0
BRDA:226,31,0,4
BRDA:226,31,1,0
BRDA:230,32,0,4
BRDA:230,32,1,0
BRDA:234,33,0,0
BRDA:234,33,1,0
BRDA:239,34,0,0
BRDA:239,34,1,10
BRDA:243,35,0,10
BRDA:243,35,1,10
BRDA:244,36,0,10
BRDA:244,36,1,0
BRDA:251,37,0,0
BRDA:251,37,1,10
BRDA:251,38,0,10
BRDA:251,38,1,0
BRDA:260,39,0,0
BRDA:260,39,1,10
BRDA:266,40,0,10
BRDA:266,40,1,0
BRDA:278,41,0,10
BRDA:278,41,1,0
BRDA:321,42,0,0
BRDA:321,42,1,0
BRDA:331,43,0,0
BRDA:331,43,1,0
BRDA:341,44,0,1
BRDA:341,44,1,0
BRDA:342,45,0,0
BRDA:342,45,1,1
BRDA:345,46,0,0
BRDA:345,46,1,1
BRDA:355,47,0,1
BRDA:355,47,1,1
BRDA:363,48,0,0
BRDA:363,48,1,0
BRDA:371,49,0,0
BRDA:371,49,1,0
BRDA:372,50,0,0
BRDA:372,50,1,0
BRDA:378,51,0,1
BRDA:378,51,1,0
BRDA:388,52,0,1
BRDA:388,52,1,0
BRDA:389,53,0,1
BRDA:389,53,1,1
BRDA:390,54,0,0
BRDA:390,54,1,1
BRDA:390,55,0,1
BRDA:390,55,1,1
BRDA:393,56,0,0
BRDA:393,56,1,1
BRDA:393,57,0,1
BRDA:393,57,1,0
BRDA:395,58,0,0
BRDA:395,58,1,0
BRDA:395,59,0,0
BRDA:395,59,1,0
BRDA:397,60,0,0
BRDA:397,60,1,1
BRF:126
BRH:69
end_of_record
TN:
SF:routes/backups.js
FN:6,(anonymous_0)
FNF:1
FNH:0
FNDA:0,(anonymous_0)
DA:5,0
DA:6,0
DA:8,0
DA:9,0
LF:4
LH:0
BRF:0
BRH:0
end_of_record
TN:
SF:routes/billing.js
FN:19,mapPlanToPrice
FN:28,setUserPremiumByCustomer
FN:40,setUserFreeByCustomer
FN:57,resolveUserIdFromEvent
FN:80,(anonymous_4)
FN:127,(anonymous_5)
FN:152,(anonymous_6)
FN:158,(anonymous_7)
FN:192,(anonymous_8)
FN:205,(anonymous_9)
FNF:10
FNH:0
FNDA:0,mapPlanToPrice
FNDA:0,setUserPremiumByCustomer
FNDA:0,setUserFreeByCustomer
FNDA:0,resolveUserIdFromEvent
FNDA:0,(anonymous_4)
FNDA:0,(anonymous_5)
FNDA:0,(anonymous_6)
FNDA:0,(anonymous_7)
FNDA:0,(anonymous_8)
FNDA:0,(anonymous_9)
DA:7,8
DA:9,8
DA:10,8
DA:14,8
DA:20,0
DA:22,0
DA:24,0
DA:29,0
DA:30,0
DA:41,0
DA:58,0
DA:60,0
DA:61,0
DA:63,0
DA:65,0
DA:66,0
DA:67,0
DA:68,0
DA:69,0
DA:74,0
DA:80,8
DA:81,0
DA:82,0
DA:83,0
DA:85,0
DA:91,0
DA:92,0
DA:93,0
DA:97,0
DA:98,0
DA:104,0
DA:105,0
DA:118,0
DA:120,0
DA:127,8
DA:128,0
DA:129,0
DA:133,0
DA:134,0
DA:137,0
DA:138,0
DA:143,0
DA:145,0
DA:152,8
DA:153,0
DA:154,0
DA:155,0
DA:158,0
DA:159,0
DA:160,0
DA:161,0
DA:163,0
DA:164,0
DA:166,0
DA:170,0
DA:171,0
DA:172,0
DA:173,0
DA:174,0
DA:177,0
DA:180,0
DA:183,0
DA:184,0
DA:187,0
DA:188,0
DA:189,0
DA:192,0
DA:193,0
DA:196,0
DA:197,0
DA:199,0
DA:200,0
DA:202,0
DA:205,0
DA:206,0
DA:212,0
DA:215,0
DA:216,0
DA:217,0
DA:219,0
DA:220,0
DA:221,0
DA:222,0
DA:223,0
DA:226,0
DA:233,0
DA:238,0
DA:239,0
DA:240,0
DA:241,0
DA:243,0
DA:246,0
DA:247,0
DA:248,0
DA:251,0
DA:252,0
DA:253,0
DA:260,0
DA:263,0
DA:267,0
DA:268,0
DA:269,0
DA:270,0
DA:272,0
DA:277,0
DA:278,0
DA:279,0
DA:280,0
DA:281,0
DA:282,0
DA:283,0
DA:291,0
DA:296,0
DA:299,0
DA:301,0
DA:302,0
LF:116
LH:7
BRDA:20,0,0,0
BRDA:20,0,1,0
BRDA:28,1,0,0
BRDA:29,2,0,0
BRDA:29,2,1,0
BRDA:34,3,0,0
BRDA:34,3,1,0
BRDA:58,4,0,0
BRDA:58,4,1,0
BRDA:60,5,0,0
BRDA:60,5,1,0
BRDA:60,6,0,0
BRDA:60,6,1,0
BRDA:61,7,0,0
BRDA:61,7,1,0
BRDA:61,8,0,0
BRDA:61,8,1,0
BRDA:63,9,0,0
BRDA:63,9,1,0
BRDA:63,10,0,0
BRDA:63,10,1,0
BRDA:65,11,0,0
BRDA:65,11,1,0
BRDA:69,12,0,0
BRDA:69,12,1,0
BRDA:69,13,0,0
BRDA:69,13,1,0
BRDA:83,14,0,0
BRDA:83,14,1,0
BRDA:92,15,0,0
BRDA:92,15,1,0
BRDA:94,16,0,0
BRDA:94,16,1,0
BRDA:104,17,0,0
BRDA:104,17,1,0
BRDA:133,18,0,0
BRDA:133,18,1,0
BRDA:137,19,0,0
BRDA:137,19,1,0
BRDA:154,20,0,0
BRDA:154,20,1,0
BRDA:159,21,0,0
BRDA:159,21,1,0
BRDA:160,22,0,0
BRDA:160,22,1,0
BRDA:163,23,0,0
BRDA:163,23,1,0
BRDA:171,24,0,0
BRDA:171,24,1,0
BRDA:172,25,0,0
BRDA:172,25,1,0
BRDA:184,26,0,0
BRDA:184,26,1,0
BRDA:188,27,0,0
BRDA:188,27,1,0
BRDA:196,28,0,0
BRDA:196,28,1,0
BRDA:197,29,0,0
BRDA:197,29,1,0
BRDA:199,30,0,0
BRDA:199,30,1,0
BRDA:212,31,0,0
BRDA:212,31,1,0
BRDA:212,31,2,0
BRDA:212,31,3,0
BRDA:212,31,4,0
BRDA:212,31,5,0
BRDA:215,32,0,0
BRDA:215,32,1,0
BRDA:217,33,0,0
BRDA:217,33,1,0
BRDA:220,34,0,0
BRDA:220,34,1,0
BRDA:223,35,0,0
BRDA:223,35,1,0
BRDA:228,36,0,0
BRDA:228,36,1,0
BRDA:239,37,0,0
BRDA:239,37,1,0
BRDA:240,38,0,0
BRDA:240,38,1,0
BRDA:246,39,0,0
BRDA:246,39,1,0
BRDA:251,40,0,0
BRDA:251,40,1,0
BRDA:252,41,0,0
BRDA:252,41,1,0
BRDA:267,42,0,0
BRDA:267,42,1,0
BRDA:269,43,0,0
BRDA:269,43,1,0
BRDA:277,44,0,0
BRDA:277,44,1,0
BRDA:278,45,0,0
BRDA:278,45,1,0
BRDA:280,46,0,0
BRDA:280,46,1,0
BRDA:282,47,0,0
BRDA:282,47,1,0
BRDA:285,48,0,0
BRDA:285,48,1,0
BRF:101
BRH:0
end_of_record
TN:
SF:routes/billingWebhook.js
FN:12,(anonymous_0)
FN:43,upsertPlanByEvent
FNF:2
FNH:2
FNDA:3,(anonymous_0)
FNDA:2,upsertPlanByEvent
DA:5,8
DA:9,8
DA:13,3
DA:14,3
DA:17,3
DA:21,3
DA:22,3
DA:23,0
DA:24,0
DA:26,0
DA:30,0
DA:31,0
DA:32,0
DA:39,3
DA:40,3
DA:45,2
DA:46,2
DA:47,2
DA:55,2
DA:59,0
DA:60,0
DA:70,3
DA:72,1
DA:73,1
DA:75,1
DA:76,1
DA:77,1
DA:86,0
DA:88,1
DA:92,2
DA:93,2
DA:94,2
DA:96,2
DA:97,2
DA:99,2
DA:100,2
DA:105,0
DA:108,3
DA:111,0
LF:39
LH:28
BRDA:14,0,0,3
BRDA:14,0,1,0
BRDA:17,1,0,3
BRDA:17,1,1,0
BRDA:21,2,0,3
BRDA:21,2,1,0
BRDA:23,3,0,0
BRDA:23,3,1,0
BRDA:40,4,0,3
BRDA:40,4,1,0
BRDA:46,5,0,2
BRDA:46,5,1,0
BRDA:51,6,0,2
BRDA:51,6,1,0
BRDA:52,7,0,2
BRDA:52,7,1,0
BRDA:59,8,0,0
BRDA:59,8,1,0
BRDA:64,9,0,0
BRDA:64,9,1,0
BRDA:70,10,0,1
BRDA:70,10,1,2
BRDA:70,10,2,0
BRDA:72,11,0,1
BRDA:72,11,1,0
BRDA:73,12,0,1
BRDA:73,12,1,0
BRDA:76,13,0,1
BRDA:76,13,1,0
BRDA:92,14,0,2
BRDA:92,14,1,0
BRDA:93,15,0,2
BRDA:93,15,1,0
BRDA:94,16,0,2
BRDA:94,16,1,0
BRDA:97,17,0,1
BRDA:97,17,1,1
BRF:37
BRH:17
end_of_record
TN:
SF:routes/bots.js
FN:10,requireAdmin
FN:21,(anonymous_1)
FN:62,(anonymous_2)
FN:83,(anonymous_3)
FN:104,(anonymous_4)
FNF:5
FNH:0
FNDA:0,requireAdmin
FNDA:0,(anonymous_1)
FNDA:0,(anonymous_2)
FNDA:0,(anonymous_3)
FNDA:0,(anonymous_4)
DA:7,0
DA:11,0
DA:12,0
DA:14,0
DA:21,0
DA:28,0
DA:29,0
DA:30,0
DA:32,0
DA:33,0
DA:34,0
DA:42,0
DA:45,0
DA:55,0
DA:62,0
DA:63,0
DA:64,0
DA:65,0
DA:66,0
DA:68,0
DA:72,0
DA:79,0
DA:84,0
DA:85,0
DA:86,0
DA:93,0
DA:104,0
DA:105,0
DA:106,0
DA:107,0
DA:109,0
DA:110,0
DA:114,0
DA:115,0
DA:116,0
DA:118,0
DA:119,0
DA:126,0
DA:129,0
DA:130,0
DA:131,0
DA:133,0
DA:134,0
DA:135,0
DA:138,0
DA:146,0
DA:148,0
DA:150,0
DA:151,0
LF:49
LH:0
BRDA:11,0,0,0
BRDA:11,0,1,0
BRDA:27,1,0,0
BRDA:28,2,0,0
BRDA:28,2,1,0
BRDA:29,3,0,0
BRDA:29,3,1,0
BRDA:29,4,0,0
BRDA:29,4,1,0
BRDA:29,4,2,0
BRDA:33,5,0,0
BRDA:33,5,1,0
BRDA:47,6,0,0
BRDA:47,6,1,0
BRDA:64,7,0,0
BRDA:64,8,0,0
BRDA:64,8,1,0
BRDA:65,9,0,0
BRDA:65,9,1,0
BRDA:65,10,0,0
BRDA:65,10,1,0
BRDA:85,11,0,0
BRDA:85,11,1,0
BRDA:89,12,0,0
BRDA:89,12,1,0
BRDA:90,13,0,0
BRDA:90,13,1,0
BRDA:114,14,0,0
BRDA:114,14,1,0
BRDA:115,15,0,0
BRDA:115,15,1,0
BRDA:118,16,0,0
BRDA:118,16,1,0
BRDA:124,17,0,0
BRDA:124,17,1,0
BRDA:126,18,0,0
BRDA:126,18,1,0
BRDA:129,19,0,0
BRDA:129,19,1,0
BRDA:129,20,0,0
BRDA:129,20,1,0
BRDA:130,21,0,0
BRDA:130,21,1,0
BRDA:133,22,0,0
BRDA:133,23,0,0
BRDA:133,23,1,0
BRDA:134,24,0,0
BRDA:134,24,1,0
BRDA:134,25,0,0
BRDA:134,25,1,0
BRF:50
BRH:0
end_of_record
TN:
SF:routes/calls.js
FN:11,ensureParticipant
FN:19,(anonymous_1)
FN:58,(anonymous_2)
FN:88,(anonymous_3)
FN:103,(anonymous_4)
FNF:5
FNH:0
FNDA:0,ensureParticipant
FNDA:0,(anonymous_1)
FNDA:0,(anonymous_2)
FNDA:0,(anonymous_3)
FNDA:0,(anonymous_4)
DA:7,8
DA:8,8
DA:12,0
DA:13,0
DA:19,8
DA:20,0
DA:21,0
DA:22,0
DA:23,0
DA:25,0
DA:29,0
DA:31,0
DA:43,0
DA:52,0
DA:58,8
DA:59,0
DA:60,0
DA:61,0
DA:63,0
DA:64,0
DA:65,0
DA:66,0
DA:67,0
DA:70,0
DA:76,0
DA:82,0
DA:88,8
DA:89,0
DA:90,0
DA:91,0
DA:93,0
DA:94,0
DA:96,0
DA:97,0
DA:103,8
DA:104,0
DA:105,0
DA:106,0
DA:108,0
DA:109,0
DA:110,0
DA:112,0
DA:113,0
DA:119,0
DA:120,0
DA:122,0
LF:46
LH:6
BRDA:12,0,0,0
BRDA:12,0,1,0
BRDA:13,1,0,0
BRDA:13,1,1,0
BRDA:21,2,0,0
BRDA:21,3,0,0
BRDA:21,3,1,0
BRDA:22,4,0,0
BRDA:22,4,1,0
BRDA:22,5,0,0
BRDA:22,5,1,0
BRDA:23,6,0,0
BRDA:23,6,1,0
BRDA:29,7,0,0
BRDA:29,7,1,0
BRDA:35,8,0,0
BRDA:35,8,1,0
BRDA:48,9,0,0
BRDA:48,9,1,0
BRDA:60,10,0,0
BRDA:60,10,1,0
BRDA:61,11,0,0
BRDA:61,11,1,0
BRDA:61,12,0,0
BRDA:61,12,1,0
BRDA:64,13,0,0
BRDA:64,13,1,0
BRDA:65,14,0,0
BRDA:65,14,1,0
BRDA:66,15,0,0
BRDA:66,15,1,0
BRDA:90,16,0,0
BRDA:90,16,1,0
BRDA:91,17,0,0
BRDA:91,17,1,0
BRDA:91,18,0,0
BRDA:91,18,1,0
BRDA:91,18,2,0
BRDA:94,19,0,0
BRDA:94,19,1,0
BRDA:105,20,0,0
BRDA:105,20,1,0
BRDA:106,21,0,0
BRDA:106,21,1,0
BRDA:109,22,0,0
BRDA:109,22,1,0
BRDA:110,23,0,0
BRDA:110,23,1,0
BRDA:112,24,0,0
BRDA:112,24,1,0
BRDA:119,25,0,0
BRDA:119,25,1,0
BRF:52
BRH:0
end_of_record
TN:
SF:routes/chatrooms.js
FN:18,getRoomOwnerIdDbTolerant
FN:36,(anonymous_1)
FN:40,(anonymous_2)
FN:59,(anonymous_3)
FN:80,(anonymous_4)
FN:139,(anonymous_5)
FN:180,(anonymous_6)
FN:191,(anonymous_7)
FN:205,(anonymous_8)
FN:225,(anonymous_9)
FN:236,(anonymous_10)
FN:247,(anonymous_11)
FN:298,(anonymous_12)
FN:321,(anonymous_13)
FN:345,(anonymous_14)
FN:376,(anonymous_15)
FN:393,(anonymous_16)
FNF:17
FNH:0
FNDA:0,getRoomOwnerIdDbTolerant
FNDA:0,(anonymous_1)
FNDA:0,(anonymous_2)
FNDA:0,(anonymous_3)
FNDA:0,(anonymous_4)
FNDA:0,(anonymous_5)
FNDA:0,(anonymous_6)
FNDA:0,(anonymous_7)
FNDA:0,(anonymous_8)
FNDA:0,(anonymous_9)
FNDA:0,(anonymous_10)
FNDA:0,(anonymous_11)
FNDA:0,(anonymous_12)
FNDA:0,(anonymous_13)
FNDA:0,(anonymous_14)
FNDA:0,(anonymous_15)
FNDA:0,(anonymous_16)
DA:15,8
DA:19,0
DA:20,0
DA:24,0
DA:26,0
DA:33,8
DA:37,0
DA:38,0
DA:40,0
DA:42,0
DA:43,0
DA:47,0
DA:53,0
DA:57,0
DA:58,0
DA:59,0
DA:67,0
DA:70,0
DA:77,8
DA:81,0
DA:82,0
DA:83,0
DA:87,0
DA:88,0
DA:90,0
DA:91,0
DA:93,0
DA:94,0
DA:95,0
DA:96,0
DA:97,0
DA:98,0
DA:103,0
DA:113,0
DA:121,0
DA:128,0
DA:136,8
DA:140,0
DA:141,0
DA:143,0
DA:144,0
DA:147,0
DA:158,0
DA:160,0
DA:173,0
DA:177,8
DA:181,0
DA:182,0
DA:183,0
DA:185,0
DA:187,0
DA:191,0
DA:198,0
DA:200,0
DA:205,0
DA:214,0
DA:222,8
DA:226,0
DA:227,0
DA:229,0
DA:236,0
DA:244,8
DA:248,0
DA:249,0
DA:250,0
DA:251,0
DA:253,0
DA:254,0
DA:258,0
DA:259,0
DA:260,0
DA:262,0
DA:263,0
DA:264,0
DA:267,0
DA:268,0
DA:271,0
DA:274,0
DA:275,0
DA:280,0
DA:281,0
DA:286,0
DA:290,0
DA:295,8
DA:299,0
DA:300,0
DA:302,0
DA:312,0
DA:317,8
DA:322,0
DA:323,0
DA:324,0
DA:325,0
DA:327,0
DA:330,0
DA:332,0
DA:337,0
DA:342,8
DA:346,0
DA:347,0
DA:348,0
DA:350,0
DA:351,0
DA:353,0
DA:357,0
DA:359,0
DA:360,0
DA:362,0
DA:366,0
DA:373,8
DA:377,0
DA:378,0
DA:380,0
DA:384,0
DA:386,0
DA:390,8
DA:394,0
DA:395,0
DA:397,0
DA:398,0
DA:404,0
LF:121
LH:12
BRDA:24,0,0,0
BRDA:24,0,1,0
BRDA:37,1,0,0
BRDA:37,2,0,0
BRDA:37,3,0,0
BRDA:37,3,1,0
BRDA:44,4,0,0
BRDA:44,4,1,0
BRDA:48,5,0,0
BRDA:48,5,1,0
BRDA:57,6,0,0
BRDA:57,6,1,0
BRDA:57,7,0,0
BRDA:57,7,1,0
BRDA:81,8,0,0
BRDA:81,8,1,0
BRDA:82,9,0,0
BRDA:82,9,1,0
BRDA:83,10,0,0
BRDA:83,10,1,0
BRDA:93,11,0,0
BRDA:93,11,1,0
BRDA:93,12,0,0
BRDA:93,12,1,0
BRDA:96,13,0,0
BRDA:96,13,1,0
BRDA:96,14,0,0
BRDA:96,14,1,0
BRDA:103,15,0,0
BRDA:103,15,1,0
BRDA:103,16,0,0
BRDA:103,16,1,0
BRDA:121,17,0,0
BRDA:121,17,1,0
BRDA:143,18,0,0
BRDA:143,18,1,0
BRDA:143,19,0,0
BRDA:143,19,1,0
BRDA:143,19,2,0
BRDA:158,20,0,0
BRDA:158,20,1,0
BRDA:181,21,0,0
BRDA:181,21,1,0
BRDA:182,22,0,0
BRDA:182,22,1,0
BRDA:182,23,0,0
BRDA:182,23,1,0
BRDA:198,24,0,0
BRDA:198,24,1,0
BRDA:202,25,0,0
BRDA:202,25,1,0
BRDA:207,26,0,0
BRDA:207,26,1,0
BRDA:227,27,0,0
BRDA:227,27,1,0
BRDA:251,28,0,0
BRDA:251,28,1,0
BRDA:253,29,0,0
BRDA:253,29,1,0
BRDA:253,30,0,0
BRDA:253,30,1,0
BRDA:253,30,2,0
BRDA:259,31,0,0
BRDA:259,31,1,0
BRDA:263,32,0,0
BRDA:263,32,1,0
BRDA:268,33,0,0
BRDA:268,33,1,0
BRDA:271,34,0,0
BRDA:271,34,1,0
BRDA:300,35,0,0
BRDA:300,35,1,0
BRDA:323,36,0,0
BRDA:323,36,1,0
BRDA:324,37,0,0
BRDA:324,37,1,0
BRDA:325,38,0,0
BRDA:325,38,1,0
BRDA:330,39,0,0
BRDA:330,39,1,0
BRDA:348,40,0,0
BRDA:348,40,1,0
BRDA:348,41,0,0
BRDA:348,41,1,0
BRDA:351,42,0,0
BRDA:351,42,1,0
BRDA:351,43,0,0
BRDA:351,43,1,0
BRDA:357,44,0,0
BRDA:357,44,1,0
BRDA:359,45,0,0
BRDA:359,45,1,0
BRDA:360,46,0,0
BRDA:360,46,1,0
BRDA:378,47,0,0
BRDA:378,47,1,0
BRDA:384,48,0,0
BRDA:384,48,1,0
BRDA:395,49,0,0
BRDA:395,49,1,0
BRDA:397,50,0,0
BRDA:397,50,1,0
BRDA:400,51,0,0
BRDA:400,51,1,0
BRF:104
BRH:0
end_of_record
TN:
SF:routes/contacts.js
FN:11,(anonymous_0)
FN:23,(anonymous_1)
FN:95,(anonymous_2)
FN:170,(anonymous_3)
FN:216,(anonymous_4)
FN:242,(anonymous_5)
FNF:6
FNH:0
FNDA:0,(anonymous_0)
FNDA:0,(anonymous_1)
FNDA:0,(anonymous_2)
FNDA:0,(anonymous_3)
FNDA:0,(anonymous_4)
FNDA:0,(anonymous_5)
DA:6,8
DA:8,8
DA:9,8
DA:11,8
DA:20,8
DA:24,0
DA:26,0
DA:27,0
DA:29,0
DA:31,0
DA:32,0
DA:34,0
DA:57,0
DA:81,0
DA:82,0
DA:92,8
DA:96,0
DA:97,0
DA:99,0
DA:100,0
DA:104,0
DA:105,0
DA:128,0
DA:129,0
DA:130,0
DA:133,0
DA:159,0
DA:167,8
DA:171,0
DA:172,0
DA:174,0
DA:175,0
DA:178,0
DA:187,0
DA:205,0
DA:213,8
DA:217,0
DA:218,0
DA:220,0
DA:221,0
DA:224,0
DA:233,0
DA:234,0
DA:239,8
DA:243,0
DA:244,0
DA:247,0
DA:248,0
DA:249,0
DA:252,0
DA:253,0
LF:51
LH:9
BRDA:11,0,0,0
BRDA:11,0,1,0
BRDA:26,1,0,0
BRDA:26,1,1,0
BRDA:29,2,0,0
BRDA:29,2,1,0
BRDA:31,3,0,0
BRDA:31,3,1,0
BRDA:36,4,0,0
BRDA:36,4,1,0
BRDA:41,5,0,0
BRDA:41,5,1,0
BRDA:61,6,0,0
BRDA:61,6,1,0
BRDA:81,7,0,0
BRDA:81,7,1,0
BRDA:99,8,0,0
BRDA:99,8,1,0
BRDA:99,9,0,0
BRDA:99,9,1,0
BRDA:104,10,0,0
BRDA:104,10,1,0
BRDA:108,11,0,0
BRDA:108,11,1,0
BRDA:109,12,0,0
BRDA:109,12,1,0
BRDA:114,13,0,0
BRDA:114,13,1,0
BRDA:129,14,0,0
BRDA:129,14,1,0
BRDA:136,15,0,0
BRDA:136,15,1,0
BRDA:137,16,0,0
BRDA:137,16,1,0
BRDA:138,17,0,0
BRDA:138,17,1,0
BRDA:143,18,0,0
BRDA:143,18,1,0
BRDA:144,19,0,0
BRDA:144,19,1,0
BRDA:174,20,0,0
BRDA:174,20,1,0
BRDA:174,21,0,0
BRDA:174,21,1,0
BRDA:178,22,0,0
BRDA:178,22,1,0
BRDA:190,23,0,0
BRDA:190,23,1,0
BRDA:191,24,0,0
BRDA:191,24,1,0
BRDA:192,25,0,0
BRDA:192,25,1,0
BRDA:220,26,0,0
BRDA:220,26,1,0
BRDA:220,27,0,0
BRDA:220,27,1,0
BRDA:224,28,0,0
BRDA:224,28,1,0
BRDA:248,29,0,0
BRDA:248,29,1,0
BRDA:248,30,0,0
BRDA:248,30,1,0
BRF:62
BRH:0
end_of_record
TN:
SF:routes/devices.js
FN:12,(anonymous_0)
FN:25,(anonymous_1)
FN:48,(anonymous_2)
FN:74,(anonymous_3)
FN:98,(anonymous_4)
FN:131,(anonymous_5)
FN:167,(anonymous_6)
FN:203,(anonymous_7)
FN:233,(anonymous_8)
FN:262,(anonymous_9)
FNF:10
FNH:0
FNDA:0,(anonymous_0)
FNDA:0,(anonymous_1)
FNDA:0,(anonymous_2)
FNDA:0,(anonymous_3)
FNDA:0,(anonymous_4)
FNDA:0,(anonymous_5)
FNDA:0,(anonymous_6)
FNDA:0,(anonymous_7)
FNDA:0,(anonymous_8)
FNDA:0,(anonymous_9)
DA:10,0
DA:12,0
DA:21,0
DA:26,0
DA:39,0
DA:44,0
DA:49,0
DA:50,0
DA:51,0
DA:52,0
DA:55,0
DA:58,0
DA:60,0
DA:65,0
DA:70,0
DA:75,0
DA:77,0
DA:80,0
DA:81,0
DA:83,0
DA:89,0
DA:94,0
DA:99,0
DA:100,0
DA:102,0
DA:105,0
DA:106,0
DA:108,0
DA:113,0
DA:127,0
DA:132,0
DA:133,0
DA:137,0
DA:150,0
DA:164,0
DA:168,0
DA:169,0
DA:171,0
DA:172,0
DA:173,0
DA:174,0
DA:175,0
DA:177,0
DA:187,0
DA:189,0
DA:194,0
DA:199,0
DA:204,0
DA:205,0
DA:206,0
DA:208,0
DA:211,0
DA:212,0
DA:213,0
DA:215,0
DA:216,0
DA:219,0
DA:225,0
DA:230,0
DA:234,0
DA:235,0
DA:237,0
DA:240,0
DA:241,0
DA:243,0
DA:244,0
DA:247,0
DA:258,0
DA:263,0
DA:264,0
DA:266,0
DA:267,0
DA:268,0
DA:269,0
DA:272,0
DA:273,0
DA:275,0
DA:276,0
DA:282,0
DA:285,0
DA:296,0
DA:302,0
LF:82
LH:0
BRDA:50,0,0,0
BRDA:50,0,1,0
BRDA:51,1,0,0
BRDA:51,1,1,0
BRDA:51,2,0,0
BRDA:51,2,1,0
BRDA:51,2,2,0
BRDA:58,3,0,0
BRDA:58,3,1,0
BRDA:80,4,0,0
BRDA:80,4,1,0
BRDA:81,5,0,0
BRDA:81,5,1,0
BRDA:99,6,0,0
BRDA:99,6,1,0
BRDA:100,7,0,0
BRDA:100,7,1,0
BRDA:105,8,0,0
BRDA:105,8,1,0
BRDA:106,9,0,0
BRDA:106,9,1,0
BRDA:168,10,0,0
BRDA:168,10,1,0
BRDA:169,11,0,0
BRDA:169,11,1,0
BRDA:169,12,0,0
BRDA:169,12,1,0
BRDA:169,12,2,0
BRDA:172,13,0,0
BRDA:172,13,1,0
BRDA:173,14,0,0
BRDA:173,14,1,0
BRDA:174,15,0,0
BRDA:174,15,1,0
BRDA:175,16,0,0
BRDA:175,16,1,0
BRDA:181,17,0,0
BRDA:181,17,1,0
BRDA:182,18,0,0
BRDA:182,18,1,0
BRDA:204,19,0,0
BRDA:204,19,1,0
BRDA:205,20,0,0
BRDA:205,20,1,0
BRDA:205,21,0,0
BRDA:205,21,1,0
BRDA:205,21,2,0
BRDA:205,21,3,0
BRDA:211,22,0,0
BRDA:211,22,1,0
BRDA:212,23,0,0
BRDA:212,23,1,0
BRDA:213,24,0,0
BRDA:213,24,1,0
BRDA:215,25,0,0
BRDA:215,25,1,0
BRDA:215,26,0,0
BRDA:215,26,1,0
BRDA:234,27,0,0
BRDA:234,27,1,0
BRDA:235,28,0,0
BRDA:235,28,1,0
BRDA:240,29,0,0
BRDA:240,29,1,0
BRDA:241,30,0,0
BRDA:241,30,1,0
BRDA:243,31,0,0
BRDA:243,31,1,0
BRDA:243,32,0,0
BRDA:243,32,1,0
BRDA:251,33,0,0
BRDA:251,33,1,0
BRDA:263,34,0,0
BRDA:263,34,1,0
BRDA:264,35,0,0
BRDA:264,35,1,0
BRDA:264,36,0,0
BRDA:264,36,1,0
BRDA:267,37,0,0
BRDA:267,37,1,0
BRDA:268,38,0,0
BRDA:268,38,1,0
BRDA:269,39,0,0
BRDA:269,39,1,0
BRDA:275,40,0,0
BRDA:275,40,1,0
BRDA:275,41,0,0
BRDA:275,41,1,0
BRDA:289,42,0,0
BRDA:289,42,1,0
BRDA:289,42,2,0
BRDA:290,43,0,0
BRDA:290,43,1,0
BRDA:290,43,2,0
BRF:94
BRH:0
end_of_record
TN:
SF:routes/features.js
FN:11,(anonymous_0)
FN:20,(anonymous_1)
FNF:2
FNH:0
FNDA:0,(anonymous_0)
FNDA:0,(anonymous_1)
DA:8,0
DA:11,0
DA:12,0
DA:16,0
DA:21,0
DA:22,0
DA:24,0
DA:25,0
DA:26,0
DA:28,0
DA:34,0
LF:11
LH:0
BRDA:22,0,0,0
BRDA:22,0,1,0
BRDA:24,1,0,0
BRDA:24,1,1,0
BRDA:25,2,0,0
BRDA:25,2,1,0
BRF:6
BRH:0
end_of_record
TN:
SF:routes/files.js
FN:12,(anonymous_0)
FN:31,(anonymous_1)
FNF:2
FNH:0
FNDA:0,(anonymous_0)
FNDA:0,(anonymous_1)
DA:9,0
DA:12,0
DA:13,0
DA:14,0
DA:15,0
DA:17,0
DA:21,0
DA:22,0
DA:26,0
DA:27,0
DA:28,0
DA:31,0
DA:32,0
DA:35,0
DA:36,0
DA:37,0
DA:39,0
DA:40,0
DA:45,0
DA:47,0
DA:49,0
DA:50,0
LF:22
LH:0
BRDA:15,0,0,0
BRDA:15,0,1,0
BRDA:21,1,0,0
BRDA:21,1,1,0
BRDA:21,2,0,0
BRDA:21,2,1,0
BRDA:26,3,0,0
BRDA:26,3,1,0
BRDA:28,4,0,0
BRDA:28,4,1,0
BRDA:32,5,0,0
BRDA:32,5,1,0
BRDA:32,6,0,0
BRDA:32,6,1,0
BRDA:35,7,0,0
BRDA:35,7,1,0
BRDA:42,8,0,0
BRDA:42,8,1,0
BRDA:49,9,0,0
BRDA:49,9,1,0
BRDA:50,10,0,0
BRDA:50,10,1,0
BRF:22
BRH:0
end_of_record
TN:
SF:routes/follows.js
FN:10,(anonymous_0)
FN:50,(anonymous_1)
FN:67,pagedFollows
FN:90,(anonymous_3)
FN:104,(anonymous_4)
FN:123,(anonymous_5)
FN:141,(anonymous_6)
FN:159,(anonymous_7)
FNF:8
FNH:0
FNDA:0,(anonymous_0)
FNDA:0,(anonymous_1)
FNDA:0,pagedFollows
FNDA:0,(anonymous_3)
FNDA:0,(anonymous_4)
FNDA:0,(anonymous_5)
FNDA:0,(anonymous_6)
FNDA:0,(anonymous_7)
DA:5,8
DA:10,8
DA:11,0
DA:12,0
DA:14,0
DA:15,0
DA:17,0
DA:18,0
DA:21,0
DA:26,0
DA:27,0
DA:30,0
DA:31,0
DA:36,0
DA:42,0
DA:44,0
DA:50,8
DA:51,0
DA:52,0
DA:54,0
DA:55,0
DA:58,0
DA:59,0
DA:68,0
DA:84,0
DA:85,0
DA:87,0
DA:90,8
DA:91,0
DA:92,0
DA:93,0
DA:95,0
DA:101,0
DA:104,8
DA:105,0
DA:106,0
DA:107,0
DA:109,0
DA:115,0
DA:123,8
DA:124,0
DA:125,0
DA:126,0
DA:129,0
DA:130,0
DA:132,0
DA:138,0
DA:141,8
DA:142,0
DA:143,0
DA:144,0
DA:147,0
DA:148,0
DA:150,0
DA:156,0
DA:159,8
DA:160,0
DA:161,0
DA:162,0
DA:163,0
DA:166,0
DA:170,0
DA:175,0
LF:63
LH:8
BRDA:14,0,0,0
BRDA:14,0,1,0
BRDA:14,1,0,0
BRDA:14,1,1,0
BRDA:17,2,0,0
BRDA:17,2,1,0
BRDA:26,3,0,0
BRDA:26,3,1,0
BRDA:30,4,0,0
BRDA:30,4,1,0
BRDA:30,5,0,0
BRDA:30,5,1,0
BRDA:54,6,0,0
BRDA:54,6,1,0
BRDA:54,7,0,0
BRDA:54,7,1,0
BRDA:72,8,0,0
BRDA:72,8,1,0
BRDA:76,9,0,0
BRDA:76,9,1,0
BRDA:78,10,0,0
BRDA:78,10,1,0
BRDA:85,11,0,0
BRDA:85,11,1,0
BRDA:92,12,0,0
BRDA:92,12,1,0
BRDA:93,13,0,0
BRDA:93,13,1,0
BRDA:106,14,0,0
BRDA:106,14,1,0
BRDA:107,15,0,0
BRDA:107,15,1,0
BRDA:125,16,0,0
BRDA:125,16,1,0
BRDA:125,17,0,0
BRDA:125,17,1,0
BRDA:129,18,0,0
BRDA:129,18,1,0
BRDA:130,19,0,0
BRDA:130,19,1,0
BRDA:143,20,0,0
BRDA:143,20,1,0
BRDA:143,21,0,0
BRDA:143,21,1,0
BRDA:147,22,0,0
BRDA:147,22,1,0
BRDA:148,23,0,0
BRDA:148,23,1,0
BRDA:162,24,0,0
BRDA:162,24,1,0
BRDA:162,25,0,0
BRDA:162,25,1,0
BRDA:178,26,0,0
BRDA:178,26,1,0
BRF:54
BRH:0
end_of_record
TN:
SF:routes/groupInvites.js
FN:12,assertCanManageRoom
FN:34,makeCode
FN:39,(anonymous_2)
FN:76,(anonymous_3)
FN:105,(anonymous_4)
FN:123,(anonymous_5)
FN:157,(anonymous_6)
FNF:7
FNH:0
FNDA:0,assertCanManageRoom
FNDA:0,makeCode
FNDA:0,(anonymous_2)
FNDA:0,(anonymous_3)
FNDA:0,(anonymous_4)
FNDA:0,(anonymous_5)
FNDA:0,(anonymous_6)
DA:6,0
DA:8,0
DA:9,0
DA:13,0
DA:23,0
DA:24,0
DA:25,0
DA:26,0
DA:27,0
DA:28,0
DA:29,0
DA:35,0
DA:39,0
DA:40,0
DA:41,0
DA:42,0
DA:44,0
DA:45,0
DA:47,0
DA:62,0
DA:65,0
DA:67,0
DA:69,0
DA:76,0
DA:77,0
DA:78,0
DA:79,0
DA:81,0
DA:93,0
DA:95,0
DA:102,0
DA:106,0
DA:107,0
DA:108,0
DA:109,0
DA:113,0
DA:115,0
DA:123,0
DA:124,0
DA:125,0
DA:136,0
DA:138,0
DA:139,0
DA:140,0
DA:142,0
DA:157,0
DA:158,0
DA:159,0
DA:171,0
DA:172,0
DA:173,0
DA:174,0
DA:175,0
DA:176,0
DA:179,0
DA:187,0
DA:192,0
LF:57
LH:0
BRDA:23,0,0,0
BRDA:23,0,1,0
BRDA:25,1,0,0
BRDA:25,1,1,0
BRDA:26,2,0,0
BRDA:26,2,1,0
BRDA:34,3,0,0
BRDA:44,4,0,0
BRDA:44,5,0,0
BRDA:44,6,0,0
BRDA:44,6,1,0
BRDA:52,7,0,0
BRDA:52,7,1,0
BRDA:54,8,0,0
BRDA:54,8,1,0
BRDA:62,9,0,0
BRDA:62,9,1,0
BRDA:62,9,2,0
BRDA:70,10,0,0
BRDA:70,10,1,0
BRDA:71,11,0,0
BRDA:71,11,1,0
BRDA:96,12,0,0
BRDA:96,12,1,0
BRDA:97,13,0,0
BRDA:97,13,1,0
BRDA:116,14,0,0
BRDA:116,14,1,0
BRDA:117,15,0,0
BRDA:117,15,1,0
BRDA:136,16,0,0
BRDA:136,16,1,0
BRDA:138,17,0,0
BRDA:138,17,1,0
BRDA:139,18,0,0
BRDA:139,18,1,0
BRDA:146,19,0,0
BRDA:146,19,1,0
BRDA:148,20,0,0
BRDA:148,20,1,0
BRDA:150,21,0,0
BRDA:150,21,1,0
BRDA:171,22,0,0
BRDA:171,22,1,0
BRDA:172,23,0,0
BRDA:172,23,1,0
BRDA:173,24,0,0
BRDA:173,24,1,0
BRDA:173,25,0,0
BRDA:173,25,1,0
BRDA:175,26,0,0
BRDA:175,26,1,0
BRDA:175,27,0,0
BRDA:175,27,1,0
BRF:54
BRH:0
end_of_record
TN:
SF:routes/healthz.js
FN:5,getRedis
FN:15,(anonymous_1)
FN:45,(anonymous_2)
FNF:3
FNH:0
FNDA:0,getRedis
FNDA:0,(anonymous_1)
FNDA:0,(anonymous_2)
DA:4,8
DA:6,0
DA:7,0
DA:8,0
DA:9,0
DA:10,0
DA:11,0
DA:14,8
DA:15,8
DA:16,0
DA:17,0
DA:20,0
DA:21,0
DA:22,0
DA:24,0
DA:25,0
DA:29,0
DA:30,0
DA:31,0
DA:32,0
DA:33,0
DA:34,0
DA:35,0
DA:37,0
DA:38,0
DA:41,0
DA:42,0
DA:45,0
DA:46,0
DA:47,0
LF:30
LH:3
BRDA:6,0,0,0
BRDA:6,0,1,0
BRDA:7,1,0,0
BRDA:7,1,1,0
BRDA:31,2,0,0
BRDA:31,2,1,0
BRDA:46,3,0,0
BRDA:46,3,1,0
BRDA:50,4,0,0
BRDA:50,4,1,0
BRF:10
BRH:0
end_of_record
TN:
SF:routes/ice.js
FN:18,(anonymous_0)
FN:62,(anonymous_1)
FNF:2
FNH:0
FNDA:0,(anonymous_0)
FNDA:0,(anonymous_1)
DA:4,0
DA:7,0
DA:18,0
DA:19,0
DA:22,0
DA:23,0
DA:26,0
DA:35,0
DA:44,0
DA:49,0
DA:55,0
DA:56,0
DA:57,0
DA:58,0
DA:61,0
DA:62,0
DA:63,0
DA:64,0
DA:65,0
DA:66,0
DA:67,0
DA:70,0
LF:22
LH:0
BRDA:19,0,0,0
BRDA:19,0,1,0
BRDA:22,1,0,0
BRDA:22,1,1,0
BRDA:23,2,0,0
BRDA:23,2,1,0
BRDA:26,3,0,0
BRDA:26,3,1,0
BRDA:26,4,0,0
BRDA:26,4,1,0
BRDA:26,4,2,0
BRDA:35,5,0,0
BRDA:35,5,1,0
BRDA:35,6,0,0
BRDA:35,6,1,0
BRDA:35,6,2,0
BRDA:46,7,0,0
BRDA:46,7,1,0
BRDA:51,8,0,0
BRDA:51,8,1,0
BRDA:56,9,0,0
BRDA:56,9,1,0
BRDA:57,10,0,0
BRDA:57,10,1,0
BRDA:63,11,0,0
BRDA:63,11,1,0
BRDA:64,12,0,0
BRDA:64,12,1,0
BRDA:64,13,0,0
BRDA:64,13,1,0
BRDA:65,14,0,0
BRDA:65,14,1,0
BRF:32
BRH:0
end_of_record
TN:
SF:routes/invites.js
FN:40,(anonymous_0)
FN:54,sendViaTelnyx
FN:80,sendViaBandwidth
FN:110,sendSmsWithFallback
FN:141,(anonymous_4)
FN:165,(anonymous_5)
FNF:6
FNH:0
FNDA:0,(anonymous_0)
FNDA:0,sendViaTelnyx
FNDA:0,sendViaBandwidth
FNDA:0,sendSmsWithFallback
FNDA:0,(anonymous_4)
FNDA:0,(anonymous_5)
DA:17,8
DA:38,8
DA:40,8
DA:43,8
DA:46,8
DA:55,0
DA:56,0
DA:57,0
DA:58,0
DA:62,0
DA:63,0
DA:69,0
DA:81,0
DA:82,0
DA:87,0
DA:90,0
DA:91,0
DA:99,0
DA:115,0
DA:116,0
DA:117,0
DA:119,0
DA:120,0
DA:122,0
DA:123,0
DA:126,0
DA:138,8
DA:142,0
DA:143,0
DA:145,0
DA:150,0
DA:153,0
DA:154,0
DA:156,0
DA:157,0
DA:162,8
DA:166,0
DA:167,0
DA:169,0
DA:172,0
DA:173,0
DA:176,0
DA:180,0
DA:184,0
DA:187,0
DA:188,0
DA:189,0
DA:193,0
DA:197,0
DA:208,0
DA:217,0
DA:225,0
LF:52
LH:7
BRDA:40,0,0,0
BRDA:40,0,1,0
BRDA:43,1,0,0
BRDA:43,1,1,8
BRDA:46,2,0,0
BRDA:46,2,1,8
BRDA:46,3,0,8
BRDA:46,3,1,0
BRDA:55,4,0,0
BRDA:55,4,1,0
BRDA:56,5,0,0
BRDA:56,5,1,0
BRDA:57,6,0,0
BRDA:57,6,1,0
BRDA:70,7,0,0
BRDA:70,7,1,0
BRDA:81,8,0,0
BRDA:81,8,1,0
BRDA:82,9,0,0
BRDA:82,9,1,0
BRDA:83,10,0,0
BRDA:83,10,1,0
BRDA:83,10,2,0
BRDA:100,11,0,0
BRDA:100,11,1,0
BRDA:115,12,0,0
BRDA:115,12,1,0
BRDA:115,12,2,0
BRDA:116,13,0,0
BRDA:116,13,1,0
BRDA:117,14,0,0
BRDA:117,14,1,0
BRDA:129,15,0,0
BRDA:129,15,1,0
BRDA:142,16,0,0
BRDA:142,16,1,0
BRDA:143,17,0,0
BRDA:143,17,1,0
BRDA:145,18,0,0
BRDA:145,18,1,0
BRDA:150,19,0,0
BRDA:150,19,1,0
BRDA:150,19,2,0
BRDA:151,20,0,0
BRDA:151,20,1,0
BRDA:154,21,0,0
BRDA:154,21,1,0
BRDA:166,22,0,0
BRDA:166,22,1,0
BRDA:169,23,0,0
BRDA:169,23,1,0
BRDA:172,24,0,0
BRDA:172,24,1,0
BRDA:172,25,0,0
BRDA:172,25,1,0
BRDA:173,26,0,0
BRDA:173,26,1,0
BRDA:176,27,0,0
BRDA:176,27,1,0
BRDA:180,28,0,0
BRDA:180,28,1,0
BRDA:184,29,0,0
BRDA:184,29,1,0
BRDA:193,30,0,0
BRDA:193,30,1,0
BRDA:194,31,0,0
BRDA:194,31,1,0
BRDA:197,32,0,0
BRDA:197,32,1,0
BRDA:204,33,0,0
BRDA:204,33,1,0
BRDA:204,33,2,0
BRDA:208,34,0,0
BRDA:208,34,1,0
BRDA:211,35,0,0
BRDA:211,35,1,0
BRDA:212,36,0,0
BRDA:212,36,1,0
BRDA:218,37,0,0
BRDA:218,37,1,0
BRF:80
BRH:3
end_of_record
TN:
SF:routes/media.js
FN:38,getMaxMbForUser
FN:44,makeObjectKey
FN:68,(anonymous_2)
FN:74,(anonymous_3)
FN:78,(anonymous_4)
FN:86,(anonymous_5)
FN:138,(anonymous_6)
FN:179,(anonymous_7)
FNF:8
FNH:0
FNDA:0,getMaxMbForUser
FNDA:0,makeObjectKey
FNDA:0,(anonymous_2)
FNDA:0,(anonymous_3)
FNDA:0,(anonymous_4)
FNDA:0,(anonymous_5)
FNDA:0,(anonymous_6)
FNDA:0,(anonymous_7)
DA:10,8
DA:15,8
DA:37,8
DA:39,0
DA:40,0
DA:45,0
DA:46,0
DA:47,0
DA:48,0
DA:49,0
DA:55,8
DA:56,8
DA:59,8
DA:60,8
DA:65,8
DA:69,0
DA:71,0
DA:75,0
DA:78,0
DA:79,0
DA:80,0
DA:81,0
DA:83,0
DA:87,0
DA:88,0
DA:90,0
DA:91,0
DA:93,0
DA:100,0
DA:102,0
DA:103,0
DA:113,0
DA:114,0
DA:115,0
DA:126,0
DA:127,0
DA:138,8
DA:139,0
DA:140,0
DA:141,0
DA:144,0
DA:154,0
DA:157,0
DA:158,0
DA:160,0
DA:161,0
DA:165,0
DA:168,0
DA:169,0
DA:170,0
DA:172,0
DA:173,0
DA:179,8
DA:180,0
DA:181,0
DA:184,0
DA:187,0
DA:188,0
DA:190,0
DA:213,0
LF:60
LH:10
BRDA:39,0,0,0
BRDA:39,0,1,0
BRDA:40,1,0,0
BRDA:40,1,1,0
BRDA:45,2,0,0
BRDA:45,2,1,0
BRDA:46,3,0,0
BRDA:46,3,1,0
BRDA:46,4,0,0
BRDA:46,4,1,0
BRDA:55,5,0,8
BRDA:55,5,1,8
BRDA:56,6,0,8
BRDA:56,6,1,8
BRDA:59,7,0,8
BRDA:59,7,1,0
BRDA:59,8,0,8
BRDA:59,8,1,8
BRDA:59,9,0,8
BRDA:59,9,1,8
BRDA:75,10,0,0
BRDA:75,10,1,0
BRDA:79,11,0,0
BRDA:79,11,1,0
BRDA:80,12,0,0
BRDA:80,12,1,0
BRDA:80,13,0,0
BRDA:80,13,1,0
BRDA:88,14,0,0
BRDA:88,14,1,0
BRDA:100,15,0,0
BRDA:100,15,1,0
BRDA:100,16,0,0
BRDA:100,16,1,0
BRDA:113,17,0,0
BRDA:113,17,1,0
BRDA:140,18,0,0
BRDA:140,18,1,0
BRDA:141,19,0,0
BRDA:141,19,1,0
BRDA:154,20,0,0
BRDA:154,20,1,0
BRDA:160,21,0,0
BRDA:160,21,1,0
BRDA:165,22,0,0
BRDA:165,22,1,0
BRDA:168,23,0,0
BRDA:168,23,1,0
BRDA:187,24,0,0
BRDA:187,24,1,0
BRDA:187,25,0,0
BRDA:187,25,1,0
BRF:52
BRH:9
end_of_record
TN:
SF:routes/messages.js
FN:35,memSaveMessage
FN:53,memGetMessage
FN:56,memEditMessage
FN:65,isMemberOrMemFallback
FN:90,(anonymous_4)
FN:101,(anonymous_5)
FN:145,(anonymous_6)
FN:194,(anonymous_7)
FN:195,(anonymous_8)
FN:210,(anonymous_9)
FN:211,(anonymous_10)
FN:212,(anonymous_11)
FN:238,(anonymous_12)
FN:268,(anonymous_13)
FN:296,(anonymous_14)
FN:305,(anonymous_15)
FN:327,(anonymous_16)
FN:379,(anonymous_17)
FN:451,(anonymous_18)
FN:462,(anonymous_19)
FN:471,(anonymous_20)
FN:484,(anonymous_21)
FN:485,(anonymous_22)
FN:522,(anonymous_23)
FN:522,(anonymous_24)
FN:539,(anonymous_25)
FN:554,(anonymous_26)
FN:602,(anonymous_27)
FN:622,(anonymous_28)
FN:627,(anonymous_29)
FN:629,(anonymous_30)
FN:630,(anonymous_31)
FN:635,(anonymous_32)
FN:645,(anonymous_33)
FN:662,(anonymous_34)
FN:721,(anonymous_35)
FN:737,(anonymous_36)
FN:764,editMessageCore
FN:780,(anonymous_38)
FN:809,(anonymous_39)
FN:858,(anonymous_40)
FN:860,(anonymous_41)
FN:878,(anonymous_42)
FN:909,(anonymous_43)
FN:940,(anonymous_44)
FN:984,(anonymous_45)
FNF:46
FNH:11
FNDA:5,memSaveMessage
FNDA:6,memGetMessage
FNDA:1,memEditMessage
FNDA:5,isMemberOrMemFallback
FNDA:5,(anonymous_4)
FNDA:5,(anonymous_5)
FNDA:0,(anonymous_6)
FNDA:0,(anonymous_7)
FNDA:0,(anonymous_8)
FNDA:0,(anonymous_9)
FNDA:0,(anonymous_10)
FNDA:0,(anonymous_11)
FNDA:0,(anonymous_12)
FNDA:0,(anonymous_13)
FNDA:0,(anonymous_14)
FNDA:0,(anonymous_15)
FNDA:0,(anonymous_16)
FNDA:0,(anonymous_17)
FNDA:0,(anonymous_18)
FNDA:0,(anonymous_19)
FNDA:0,(anonymous_20)
FNDA:0,(anonymous_21)
FNDA:0,(anonymous_22)
FNDA:0,(anonymous_23)
FNDA:0,(anonymous_24)
FNDA:0,(anonymous_25)
FNDA:0,(anonymous_26)
FNDA:0,(anonymous_27)
FNDA:0,(anonymous_28)
FNDA:0,(anonymous_29)
FNDA:0,(anonymous_30)
FNDA:0,(anonymous_31)
FNDA:0,(anonymous_32)
FNDA:0,(anonymous_33)
FNDA:1,(anonymous_34)
FNDA:1,(anonymous_35)
FNDA:0,(anonymous_36)
FNDA:1,editMessageCore
FNDA:0,(anonymous_38)
FNDA:0,(anonymous_39)
FNDA:0,(anonymous_40)
FNDA:2,(anonymous_41)
FNDA:3,(anonymous_42)
FNDA:0,(anonymous_43)
FNDA:0,(anonymous_44)
FNDA:0,(anonymous_45)
DA:23,8
DA:24,8
DA:27,8
DA:36,5
DA:37,5
DA:48,5
DA:49,5
DA:50,5
DA:51,5
DA:54,6
DA:57,1
DA:58,1
DA:59,1
DA:60,1
DA:61,1
DA:66,5
DA:70,5
DA:71,5
DA:72,5
DA:74,0
DA:78,8
DA:85,8
DA:90,5
DA:96,8
DA:102,5
DA:103,5
DA:113,5
DA:115,5
DA:116,5
DA:117,0
DA:121,5
DA:122,5
DA:125,5
DA:126,5
DA:131,5
DA:132,5
DA:133,5
DA:134,5
DA:136,0
DA:139,5
DA:142,5
DA:143,5
DA:144,0
DA:145,0
DA:146,0
DA:149,0
DA:150,0
DA:151,0
DA:152,0
DA:155,0
DA:156,0
DA:158,0
DA:159,0
DA:160,0
DA:161,0
DA:162,0
DA:163,0
DA:167,0
DA:186,5
DA:187,5
DA:188,5
DA:189,5
DA:191,0
DA:193,5
DA:194,0
DA:195,0
DA:205,5
DA:209,5
DA:210,5
DA:211,5
DA:212,5
DA:214,5
DA:226,5
DA:227,5
DA:238,0
DA:256,5
DA:257,5
DA:268,0
DA:286,5
DA:287,5
DA:289,0
DA:296,5
DA:297,0
DA:301,5
DA:306,0
DA:307,0
DA:311,0
DA:315,5
DA:316,5
DA:323,8
DA:328,0
DA:329,0
DA:330,0
DA:332,0
DA:333,0
DA:334,0
DA:337,0
DA:341,0
DA:344,0
DA:347,0
DA:348,0
DA:350,0
DA:351,0
DA:352,0
DA:355,0
DA:372,0
DA:379,8
DA:380,0
DA:381,0
DA:382,0
DA:384,0
DA:385,0
DA:386,0
DA:389,0
DA:390,0
DA:394,0
DA:395,0
DA:398,0
DA:399,0
DA:400,0
DA:402,0
DA:407,0
DA:444,0
DA:451,0
DA:453,0
DA:454,0
DA:456,0
DA:457,0
DA:462,0
DA:463,0
DA:464,0
DA:467,0
DA:471,0
DA:472,0
DA:473,0
DA:477,0
DA:481,0
DA:483,0
DA:484,0
DA:486,0
DA:489,0
DA:493,0
DA:496,0
DA:498,0
DA:500,0
DA:501,0
DA:503,0
DA:505,0
DA:513,0
DA:514,0
DA:515,0
DA:519,0
DA:520,0
DA:521,0
DA:522,0
DA:539,0
DA:540,0
DA:542,0
DA:544,0
DA:551,8
DA:555,0
DA:556,0
DA:557,0
DA:560,0
DA:561,0
DA:562,0
DA:563,0
DA:564,0
DA:568,0
DA:572,0
DA:574,0
DA:578,0
DA:580,0
DA:586,0
DA:587,0
DA:592,0
DA:599,8
DA:603,0
DA:604,0
DA:606,0
DA:609,0
DA:610,0
DA:611,0
DA:612,0
DA:614,0
DA:617,0
DA:622,0
DA:623,0
DA:627,0
DA:628,0
DA:629,0
DA:630,0
DA:632,0
DA:634,0
DA:636,0
DA:644,0
DA:645,0
DA:646,0
DA:652,0
DA:659,8
DA:663,1
DA:664,1
DA:665,1
DA:667,1
DA:668,1
DA:671,1
DA:672,1
DA:675,0
DA:679,0
DA:681,0
DA:684,0
DA:686,0
DA:690,0
DA:691,0
DA:694,0
DA:695,0
DA:702,0
DA:705,0
DA:706,0
DA:707,0
DA:714,0
DA:718,8
DA:722,1
DA:723,1
DA:725,1
DA:726,1
DA:729,1
DA:730,1
DA:733,0
DA:739,0
DA:744,0
DA:745,0
DA:746,0
DA:755,0
DA:765,1
DA:766,1
DA:767,1
DA:769,1
DA:770,1
DA:771,0
DA:775,1
DA:776,1
DA:777,1
DA:778,1
DA:780,1
DA:781,1
DA:783,1
DA:784,1
DA:788,1
DA:799,0
DA:807,0
DA:809,0
DA:810,0
DA:811,0
DA:816,0
DA:823,0
DA:828,0
DA:837,8
DA:844,8
DA:853,8
DA:858,0
DA:861,2
DA:862,2
DA:863,2
DA:865,2
DA:868,2
DA:869,2
DA:870,2
DA:871,2
DA:872,0
DA:874,2
DA:875,2
DA:876,2
DA:878,3
DA:880,2
DA:884,0
DA:889,0
DA:890,0
DA:891,0
DA:894,0
DA:899,0
DA:906,8
DA:910,0
DA:911,0
DA:913,0
DA:914,0
DA:918,0
DA:919,0
DA:922,0
DA:930,0
DA:937,8
DA:941,0
DA:942,0
DA:943,0
DA:945,0
DA:946,0
DA:949,0
DA:950,0
DA:951,0
DA:952,0
DA:958,0
DA:959,0
DA:963,0
DA:967,0
DA:970,0
DA:974,0
DA:976,0
DA:984,0
DA:1000,0
DA:1001,0
LF:310
LH:111
BRDA:23,0,0,8
BRDA:23,0,1,0
BRDA:27,1,0,8
BRDA:27,1,1,0
BRDA:35,2,0,0
BRDA:35,3,0,0
BRDA:41,4,0,5
BRDA:41,4,1,0
BRDA:49,5,0,4
BRDA:49,5,1,1
BRDA:54,6,0,6
BRDA:54,6,1,0
BRDA:58,7,0,0
BRDA:58,7,1,1
BRDA:70,8,0,0
BRDA:70,8,1,5
BRDA:71,9,0,5
BRDA:71,9,1,0
BRDA:103,10,0,0
BRDA:103,10,1,5
BRDA:113,11,0,5
BRDA:113,11,1,0
BRDA:115,12,0,5
BRDA:115,12,1,0
BRDA:116,13,0,0
BRDA:116,13,1,5
BRDA:122,14,0,0
BRDA:122,14,1,5
BRDA:126,15,0,0
BRDA:126,15,1,5
BRDA:133,16,0,5
BRDA:133,16,1,5
BRDA:134,17,0,0
BRDA:134,17,1,5
BRDA:139,18,0,0
BRDA:139,18,1,5
BRDA:145,19,0,0
BRDA:145,19,1,0
BRDA:146,20,0,0
BRDA:146,20,1,0
BRDA:150,21,0,0
BRDA:150,21,1,0
BRDA:160,22,0,0
BRDA:160,22,1,0
BRDA:168,23,0,0
BRDA:168,23,1,0
BRDA:170,24,0,0
BRDA:170,24,1,0
BRDA:172,25,0,0
BRDA:172,25,1,0
BRDA:177,26,0,0
BRDA:177,26,1,0
BRDA:178,27,0,0
BRDA:178,27,1,0
BRDA:179,28,0,0
BRDA:179,28,1,0
BRDA:180,29,0,0
BRDA:180,29,1,0
BRDA:188,30,0,5
BRDA:188,30,1,5
BRDA:189,31,0,0
BRDA:189,31,1,5
BRDA:194,32,0,0
BRDA:194,32,1,0
BRDA:194,32,2,0
BRDA:198,33,0,0
BRDA:198,33,1,0
BRDA:198,34,0,0
BRDA:198,34,1,0
BRDA:199,35,0,0
BRDA:199,35,1,0
BRDA:200,36,0,0
BRDA:200,36,1,0
BRDA:201,37,0,0
BRDA:201,37,1,0
BRDA:202,38,0,0
BRDA:202,38,1,0
BRDA:219,39,0,0
BRDA:219,39,1,5
BRDA:220,40,0,0
BRDA:220,40,1,5
BRDA:221,41,0,5
BRDA:221,41,1,5
BRDA:230,42,0,5
BRDA:230,42,1,0
BRDA:234,43,0,0
BRDA:234,43,1,5
BRDA:241,44,0,0
BRDA:241,44,1,0
BRDA:242,45,0,0
BRDA:242,45,1,0
BRDA:243,46,0,0
BRDA:243,46,1,0
BRDA:244,47,0,0
BRDA:244,47,1,0
BRDA:245,48,0,0
BRDA:245,48,1,0
BRDA:261,49,0,5
BRDA:261,49,1,0
BRDA:264,50,0,0
BRDA:264,50,1,5
BRDA:271,51,0,0
BRDA:271,51,1,0
BRDA:272,52,0,0
BRDA:272,52,1,0
BRDA:273,53,0,0
BRDA:273,53,1,0
BRDA:274,54,0,0
BRDA:274,54,1,0
BRDA:275,55,0,0
BRDA:275,55,1,0
BRDA:286,56,0,5
BRDA:286,56,1,0
BRDA:303,57,0,0
BRDA:303,57,1,5
BRDA:304,58,0,0
BRDA:304,58,1,5
BRDA:305,59,0,5
BRDA:305,59,1,0
BRDA:308,60,0,0
BRDA:308,60,1,0
BRDA:308,61,0,0
BRDA:308,61,1,0
BRDA:330,62,0,0
BRDA:330,62,1,0
BRDA:332,63,0,0
BRDA:332,63,1,0
BRDA:333,64,0,0
BRDA:333,64,1,0
BRDA:333,65,0,0
BRDA:333,65,1,0
BRDA:333,65,2,0
BRDA:341,66,0,0
BRDA:341,66,1,0
BRDA:344,67,0,0
BRDA:344,67,1,0
BRDA:344,68,0,0
BRDA:344,68,1,0
BRDA:347,69,0,0
BRDA:347,69,1,0
BRDA:347,70,0,0
BRDA:347,70,1,0
BRDA:351,71,0,0
BRDA:351,71,1,0
BRDA:385,72,0,0
BRDA:385,72,1,0
BRDA:389,73,0,0
BRDA:389,73,1,0
BRDA:394,74,0,0
BRDA:394,74,1,0
BRDA:394,74,2,0
BRDA:395,75,0,0
BRDA:395,75,1,0
BRDA:398,76,0,0
BRDA:398,76,1,0
BRDA:400,77,0,0
BRDA:400,77,1,0
BRDA:445,78,0,0
BRDA:445,78,1,0
BRDA:456,79,0,0
BRDA:456,79,1,0
BRDA:481,80,0,0
BRDA:481,80,1,0
BRDA:484,81,0,0
BRDA:484,81,1,0
BRDA:489,82,0,0
BRDA:489,82,1,0
BRDA:489,83,0,0
BRDA:489,83,1,0
BRDA:490,84,0,0
BRDA:490,84,1,0
BRDA:493,85,0,0
BRDA:493,85,1,0
BRDA:493,86,0,0
BRDA:493,86,1,0
BRDA:496,87,0,0
BRDA:496,87,1,0
BRDA:496,87,2,0
BRDA:498,88,0,0
BRDA:498,88,1,0
BRDA:500,89,0,0
BRDA:500,89,1,0
BRDA:501,90,0,0
BRDA:501,90,1,0
BRDA:513,91,0,0
BRDA:513,91,1,0
BRDA:513,92,0,0
BRDA:513,92,1,0
BRDA:520,93,0,0
BRDA:520,93,1,0
BRDA:520,94,0,0
BRDA:520,94,1,0
BRDA:531,95,0,0
BRDA:531,95,1,0
BRDA:540,96,0,0
BRDA:540,96,1,0
BRDA:557,97,0,0
BRDA:557,97,1,0
BRDA:560,98,0,0
BRDA:560,98,1,0
BRDA:562,99,0,0
BRDA:562,99,1,0
BRDA:563,100,0,0
BRDA:563,100,1,0
BRDA:572,101,0,0
BRDA:572,101,1,0
BRDA:578,102,0,0
BRDA:578,102,1,0
BRDA:604,103,0,0
BRDA:604,103,1,0
BRDA:606,104,0,0
BRDA:606,104,1,0
BRDA:609,105,0,0
BRDA:609,105,1,0
BRDA:612,106,0,0
BRDA:612,106,1,0
BRDA:612,107,0,0
BRDA:612,107,1,0
BRDA:632,108,0,0
BRDA:632,108,1,0
BRDA:665,109,0,1
BRDA:665,109,1,0
BRDA:667,110,0,0
BRDA:667,110,1,1
BRDA:667,111,0,1
BRDA:667,111,1,1
BRDA:668,112,0,0
BRDA:668,112,1,1
BRDA:671,113,0,1
BRDA:671,113,1,0
BRDA:671,114,0,1
BRDA:671,114,1,1
BRDA:679,115,0,0
BRDA:679,115,1,0
BRDA:684,116,0,0
BRDA:684,116,1,0
BRDA:690,117,0,0
BRDA:690,117,1,0
BRDA:723,118,0,0
BRDA:723,118,1,1
BRDA:726,119,0,1
BRDA:726,119,1,0
BRDA:729,120,0,1
BRDA:729,120,1,0
BRDA:729,121,0,1
BRDA:729,121,1,1
BRDA:744,122,0,0
BRDA:744,122,1,0
BRDA:767,123,0,1
BRDA:767,123,1,1
BRDA:769,124,0,0
BRDA:769,124,1,1
BRDA:770,125,0,0
BRDA:770,125,1,1
BRDA:770,126,0,1
BRDA:770,126,1,1
BRDA:775,127,0,1
BRDA:775,127,1,0
BRDA:777,128,0,1
BRDA:777,128,1,0
BRDA:778,129,0,0
BRDA:778,129,1,1
BRDA:780,130,0,1
BRDA:780,130,1,0
BRDA:781,131,0,0
BRDA:781,131,1,1
BRDA:807,132,0,0
BRDA:807,132,1,0
BRDA:809,133,0,0
BRDA:809,133,1,0
BRDA:810,134,0,0
BRDA:810,134,1,0
BRDA:810,135,0,0
BRDA:810,135,1,0
BRDA:865,136,0,0
BRDA:865,136,1,2
BRDA:868,137,0,2
BRDA:868,137,1,0
BRDA:870,138,0,2
BRDA:870,138,1,0
BRDA:871,139,0,0
BRDA:871,139,1,2
BRDA:871,140,0,2
BRDA:871,140,1,2
BRDA:875,141,0,2
BRDA:875,141,1,0
BRDA:889,142,0,0
BRDA:889,142,1,0
BRDA:890,143,0,0
BRDA:890,143,1,0
BRDA:890,144,0,0
BRDA:890,144,1,0
BRDA:910,145,0,0
BRDA:910,145,1,0
BRDA:913,146,0,0
BRDA:913,146,1,0
BRDA:913,147,0,0
BRDA:913,147,1,0
BRDA:918,148,0,0
BRDA:918,148,1,0
BRDA:918,149,0,0
BRDA:918,149,1,0
BRDA:942,150,0,0
BRDA:942,150,1,0
BRDA:945,151,0,0
BRDA:945,151,1,0
BRDA:946,152,0,0
BRDA:946,152,1,0
BRDA:949,153,0,0
BRDA:949,153,1,0
BRDA:951,154,0,0
BRDA:951,154,1,0
BRDA:955,155,0,0
BRDA:955,155,1,0
BRDA:956,156,0,0
BRDA:956,156,1,0
BRDA:967,157,0,0
BRDA:967,157,1,0
BRDA:974,158,0,0
BRDA:974,158,1,0
BRDA:974,159,0,0
BRDA:974,159,1,0
BRDA:980,160,0,0
BRDA:980,160,1,0
BRDA:981,161,0,0
BRDA:981,161,1,0
BRF:326
BRH:65
end_of_record
TN:
SF:routes/numbers.js
FN:19,pickProvider
FN:44,getPolicy
FN:54,(anonymous_2)
FN:68,(anonymous_3)
FN:90,(anonymous_4)
FN:133,(anonymous_5)
FN:182,(anonymous_6)
FN:214,(anonymous_7)
FN:231,(anonymous_8)
FNF:9
FNH:0
FNDA:0,pickProvider
FNDA:0,getPolicy
FNDA:0,(anonymous_2)
FNDA:0,(anonymous_3)
FNDA:0,(anonymous_4)
FNDA:0,(anonymous_5)
FNDA:0,(anonymous_6)
FNDA:0,(anonymous_7)
FNDA:0,(anonymous_8)
DA:7,0
DA:21,0
DA:26,0
DA:27,0
DA:28,0
DA:32,0
DA:34,0
DA:36,0
DA:39,0
DA:45,0
DA:46,0
DA:47,0
DA:54,0
DA:55,0
DA:61,0
DA:68,0
DA:69,0
DA:70,0
DA:71,0
DA:72,0
DA:73,0
DA:75,0
DA:76,0
DA:77,0
DA:78,0
DA:80,0
DA:81,0
DA:90,0
DA:91,0
DA:92,0
DA:94,0
DA:95,0
DA:97,0
DA:98,0
DA:99,0
DA:102,0
DA:103,0
DA:104,0
DA:108,0
DA:109,0
DA:111,0
DA:117,0
DA:121,0
DA:123,0
DA:124,0
DA:133,0
DA:134,0
DA:135,0
DA:137,0
DA:139,0
DA:140,0
DA:142,0
DA:146,0
DA:147,0
DA:151,0
DA:152,0
DA:155,0
DA:160,0
DA:170,0
DA:172,0
DA:173,0
DA:182,0
DA:183,0
DA:184,0
DA:187,0
DA:189,0
DA:190,0
DA:192,0
DA:204,0
DA:206,0
DA:207,0
DA:214,0
DA:215,0
DA:218,0
DA:220,0
DA:225,0
DA:231,0
DA:232,0
DA:235,0
DA:237,0
DA:242,0
LF:81
LH:0
BRDA:21,0,0,0
BRDA:21,0,1,0
BRDA:21,0,2,0
BRDA:21,0,3,0
BRDA:26,1,0,0
BRDA:26,1,1,0
BRDA:28,2,0,0
BRDA:28,2,1,0
BRDA:32,3,0,0
BRDA:32,3,1,0
BRDA:32,3,2,0
BRDA:45,4,0,0
BRDA:45,4,1,0
BRDA:46,5,0,0
BRDA:46,5,1,0
BRDA:69,6,0,0
BRDA:69,6,1,0
BRDA:70,7,0,0
BRDA:70,7,1,0
BRDA:71,8,0,0
BRDA:71,8,1,0
BRDA:72,9,0,0
BRDA:72,9,1,0
BRDA:78,10,0,0
BRDA:78,10,1,0
BRDA:78,10,2,0
BRDA:78,10,3,0
BRDA:78,10,4,0
BRDA:91,11,0,0
BRDA:91,11,1,0
BRDA:92,12,0,0
BRDA:92,12,1,0
BRDA:94,13,0,0
BRDA:94,13,1,0
BRDA:99,14,0,0
BRDA:99,14,1,0
BRDA:99,14,2,0
BRDA:99,14,3,0
BRDA:99,14,4,0
BRDA:103,15,0,0
BRDA:103,15,1,0
BRDA:108,16,0,0
BRDA:108,16,1,0
BRDA:134,17,0,0
BRDA:134,17,1,0
BRDA:135,18,0,0
BRDA:135,18,1,0
BRDA:140,19,0,0
BRDA:140,19,1,0
BRDA:146,20,0,0
BRDA:146,20,1,0
BRDA:146,21,0,0
BRDA:146,21,1,0
BRDA:151,22,0,0
BRDA:151,22,1,0
BRDA:152,23,0,0
BRDA:152,23,1,0
BRDA:152,23,2,0
BRDA:152,23,3,0
BRDA:152,23,4,0
BRDA:152,23,5,0
BRDA:170,24,0,0
BRDA:170,24,1,0
BRDA:187,25,0,0
BRDA:187,25,1,0
BRDA:218,26,0,0
BRDA:218,26,1,0
BRDA:235,27,0,0
BRDA:235,27,1,0
BRF:69
BRH:0
end_of_record
TN:
SF:routes/premiumFeatures.js
FN:10,(anonymous_0)
FN:31,(anonymous_1)
FN:42,(anonymous_2)
FN:43,(anonymous_3)
FN:46,(anonymous_4)
FN:47,(anonymous_5)
FN:55,(anonymous_6)
FN:110,(anonymous_7)
FN:128,(anonymous_8)
FN:129,(anonymous_9)
FN:135,(anonymous_10)
FN:171,(anonymous_11)
FN:175,(anonymous_12)
FNF:13
FNH:0
FNDA:0,(anonymous_0)
FNDA:0,(anonymous_1)
FNDA:0,(anonymous_2)
FNDA:0,(anonymous_3)
FNDA:0,(anonymous_4)
FNDA:0,(anonymous_5)
FNDA:0,(anonymous_6)
FNDA:0,(anonymous_7)
FNDA:0,(anonymous_8)
FNDA:0,(anonymous_9)
FNDA:0,(anonymous_10)
FNDA:0,(anonymous_11)
FNDA:0,(anonymous_12)
DA:7,0
DA:10,0
DA:11,0
DA:15,0
DA:17,0
DA:31,0
DA:32,0
DA:36,0
DA:38,0
DA:42,0
DA:43,0
DA:46,0
DA:47,0
DA:55,0
DA:56,0
DA:57,0
DA:61,0
DA:63,0
DA:66,0
DA:70,0
DA:71,0
DA:72,0
DA:77,0
DA:81,0
DA:86,0
DA:87,0
DA:88,0
DA:90,0
DA:91,0
DA:95,0
DA:101,0
DA:110,0
DA:112,0
DA:113,0
DA:114,0
DA:120,0
DA:123,0
DA:125,0
DA:128,0
DA:129,0
DA:135,0
DA:136,0
DA:137,0
DA:140,0
DA:144,0
DA:146,0
DA:147,0
DA:149,0
DA:150,0
DA:151,0
DA:152,0
DA:155,0
DA:156,0
DA:161,0
DA:163,0
DA:171,0
DA:172,0
DA:175,0
DA:176,0
LF:59
LH:0
BRDA:18,0,0,0
BRDA:18,0,1,0
BRDA:19,1,0,0
BRDA:19,1,1,0
BRDA:22,2,0,0
BRDA:22,2,1,0
BRDA:56,3,0,0
BRDA:56,3,1,0
BRDA:63,4,0,0
BRDA:63,4,1,0
BRDA:66,5,0,0
BRDA:66,5,1,0
BRDA:70,6,0,0
BRDA:70,6,1,0
BRDA:70,7,0,0
BRDA:70,7,1,0
BRDA:70,7,2,0
BRDA:70,7,3,0
BRDA:71,8,0,0
BRDA:71,8,1,0
BRDA:79,9,0,0
BRDA:79,9,1,0
BRDA:83,10,0,0
BRDA:83,10,1,0
BRDA:87,11,0,0
BRDA:87,11,1,0
BRDA:87,12,0,0
BRDA:87,12,1,0
BRDA:88,13,0,0
BRDA:88,13,1,0
BRDA:88,14,0,0
BRDA:88,14,1,0
BRDA:90,15,0,0
BRDA:90,15,1,0
BRDA:126,16,0,0
BRDA:126,16,1,0
BRDA:136,17,0,0
BRDA:136,17,1,0
BRDA:137,18,0,0
BRDA:137,18,1,0
BRDA:149,19,0,0
BRDA:149,19,1,0
BRDA:149,20,0,0
BRDA:149,20,1,0
BRDA:151,21,0,0
BRDA:151,21,1,0
BRDA:151,22,0,0
BRDA:151,22,1,0
BRF:48
BRH:0
end_of_record
TN:
SF:routes/randomChats.js
FN:25,getSocketUser
FN:35,areCompatible
FN:42,enqueue
FN:47,removeFromQueue
FN:51,(anonymous_4)
FN:56,createRandomRoom
FN:84,tryMatch
FN:86,(anonymous_7)
FN:141,attachRandomChatSockets
FN:144,(anonymous_9)
FN:150,(anonymous_10)
FN:166,(anonymous_11)
FN:185,(anonymous_12)
FN:210,(anonymous_13)
FN:221,(anonymous_14)
FN:248,(anonymous_15)
FN:264,(anonymous_16)
FN:267,(anonymous_17)
FN:287,(anonymous_18)
FN:307,(anonymous_19)
FN:326,(anonymous_20)
FNF:21
FNH:0
FNDA:0,getSocketUser
FNDA:0,areCompatible
FNDA:0,enqueue
FNDA:0,removeFromQueue
FNDA:0,(anonymous_4)
FNDA:0,createRandomRoom
FNDA:0,tryMatch
FNDA:0,(anonymous_7)
FNDA:0,attachRandomChatSockets
FNDA:0,(anonymous_9)
FNDA:0,(anonymous_10)
FNDA:0,(anonymous_11)
FNDA:0,(anonymous_12)
FNDA:0,(anonymous_13)
FNDA:0,(anonymous_14)
FNDA:0,(anonymous_15)
FNDA:0,(anonymous_16)
FNDA:0,(anonymous_17)
FNDA:0,(anonymous_18)
FNDA:0,(anonymous_19)
FNDA:0,(anonymous_20)
DA:5,8
DA:7,8
DA:8,8
DA:19,8
DA:21,8
DA:22,8
DA:23,8
DA:27,0
DA:36,0
DA:37,0
DA:38,0
DA:39,0
DA:43,0
DA:44,0
DA:48,0
DA:49,0
DA:50,0
DA:51,0
DA:52,0
DA:53,0
DA:58,0
DA:60,0
DA:81,0
DA:86,0
DA:87,0
DA:89,0
DA:90,0
DA:91,0
DA:94,0
DA:96,0
DA:97,0
DA:100,0
DA:103,0
DA:104,0
DA:105,0
DA:106,0
DA:109,0
DA:114,0
DA:121,0
DA:126,0
DA:127,0
DA:142,0
DA:144,0
DA:145,0
DA:147,0
DA:150,0
DA:152,0
DA:154,0
DA:162,0
DA:166,0
DA:168,0
DA:171,0
DA:172,0
DA:175,0
DA:185,0
DA:187,0
DA:188,0
DA:189,0
DA:190,0
DA:194,0
DA:195,0
DA:196,0
DA:197,0
DA:198,0
DA:199,0
DA:200,0
DA:201,0
DA:203,0
DA:204,0
DA:205,0
DA:210,0
DA:211,0
DA:212,0
DA:213,0
DA:221,0
DA:223,0
DA:224,0
DA:227,0
DA:228,0
DA:229,0
DA:230,0
DA:231,0
DA:232,0
DA:233,0
DA:234,0
DA:236,0
DA:248,8
DA:249,0
DA:251,0
DA:252,0
DA:254,0
DA:255,0
DA:260,0
DA:261,0
DA:264,0
DA:267,0
DA:279,0
DA:281,0
DA:282,0
DA:287,8
DA:288,0
DA:289,0
DA:299,0
DA:301,0
DA:302,0
DA:307,8
DA:308,0
DA:309,0
DA:310,0
DA:311,0
DA:314,0
DA:315,0
DA:326,0
DA:327,0
DA:331,0
DA:333,0
DA:334,0
LF:117
LH:10
BRDA:28,0,0,0
BRDA:28,0,1,0
BRDA:28,0,2,0
BRDA:28,0,3,0
BRDA:28,0,4,0
BRDA:36,1,0,0
BRDA:36,1,1,0
BRDA:36,2,0,0
BRDA:36,2,1,0
BRDA:37,3,0,0
BRDA:37,3,1,0
BRDA:37,4,0,0
BRDA:37,4,1,0
BRDA:37,4,2,0
BRDA:37,4,3,0
BRDA:38,5,0,0
BRDA:38,5,1,0
BRDA:38,6,0,0
BRDA:38,6,1,0
BRDA:38,6,2,0
BRDA:38,6,3,0
BRDA:48,7,0,0
BRDA:48,7,1,0
BRDA:52,8,0,0
BRDA:52,8,1,0
BRDA:87,9,0,0
BRDA:87,9,1,0
BRDA:106,10,0,0
BRDA:106,10,1,0
BRDA:126,11,0,0
BRDA:126,11,1,0
BRDA:147,12,0,0
BRDA:147,12,1,0
BRDA:152,13,0,0
BRDA:152,13,1,0
BRDA:152,14,0,0
BRDA:152,14,1,0
BRDA:157,15,0,0
BRDA:157,15,1,0
BRDA:158,16,0,0
BRDA:158,16,1,0
BRDA:168,17,0,0
BRDA:168,17,1,0
BRDA:168,18,0,0
BRDA:168,18,1,0
BRDA:179,19,0,0
BRDA:179,19,1,0
BRDA:187,20,0,0
BRDA:187,20,1,0
BRDA:195,21,0,0
BRDA:195,21,1,0
BRDA:198,22,0,0
BRDA:198,22,1,0
BRDA:223,23,0,0
BRDA:223,23,1,0
BRDA:228,24,0,0
BRDA:228,24,1,0
BRDA:231,25,0,0
BRDA:231,25,1,0
BRDA:251,26,0,0
BRDA:251,26,1,0
BRDA:254,27,0,0
BRDA:254,27,1,0
BRDA:254,28,0,0
BRDA:254,28,1,0
BRDA:310,29,0,0
BRDA:310,29,1,0
BRDA:326,30,0,0
BRDA:326,30,1,0
BRDA:326,31,0,0
BRDA:326,31,1,0
BRF:71
BRH:0
end_of_record
TN:
SF:routes/rooms.js
FN:25,ensureRoomMaps
FN:32,getActorRole
FN:56,getRoomOwnerId
FN:75,(anonymous_3)
FN:80,createMemRoom
FN:133,(anonymous_5)
FN:148,(anonymous_6)
FN:163,(anonymous_7)
FN:201,(anonymous_8)
FN:202,(anonymous_9)
FN:213,(anonymous_10)
FN:259,(anonymous_11)
FN:309,(anonymous_12)
FN:355,(anonymous_13)
FNF:14
FNH:5
FNDA:6,ensureRoomMaps
FNDA:0,getActorRole
FNDA:1,getRoomOwnerId
FNDA:0,(anonymous_3)
FNDA:5,createMemRoom
FNDA:5,(anonymous_5)
FNDA:0,(anonymous_6)
FNDA:0,(anonymous_7)
FNDA:0,(anonymous_8)
FNDA:0,(anonymous_9)
FNDA:0,(anonymous_10)
FNDA:0,(anonymous_11)
FNDA:1,(anonymous_12)
FNDA:0,(anonymous_13)
DA:6,8
DA:7,8
DA:8,8
DA:16,8
DA:26,6
DA:27,6
DA:28,6
DA:33,0
DA:34,0
DA:35,0
DA:37,0
DA:38,0
DA:42,0
DA:44,0
DA:45,0
DA:49,0
DA:51,0
DA:57,1
DA:58,1
DA:60,0
DA:61,0
DA:65,0
DA:67,0
DA:74,8
DA:75,8
DA:76,0
DA:82,5
DA:83,5
DA:88,5
DA:94,5
DA:97,5
DA:98,5
DA:99,5
DA:100,0
DA:101,0
DA:107,0
DA:119,5
DA:125,5
DA:126,5
DA:127,5
DA:128,5
DA:129,5
DA:133,8
DA:134,5
DA:135,5
DA:136,5
DA:137,5
DA:138,5
DA:139,5
DA:143,0
DA:148,8
DA:149,0
DA:150,0
DA:151,0
DA:152,0
DA:153,0
DA:154,0
DA:158,0
DA:163,8
DA:164,0
DA:165,0
DA:166,0
DA:167,0
DA:168,0
DA:169,0
DA:174,0
DA:179,0
DA:180,0
DA:188,0
DA:189,0
DA:190,0
DA:195,0
DA:196,0
DA:197,0
DA:200,0
DA:201,0
DA:202,0
DA:208,0
DA:209,0
DA:213,8
DA:214,0
DA:215,0
DA:216,0
DA:218,0
DA:221,0
DA:223,0
DA:225,0
DA:226,0
DA:227,0
DA:228,0
DA:229,0
DA:231,0
DA:232,0
DA:233,0
DA:234,0
DA:236,0
DA:237,0
DA:238,0
DA:239,0
DA:240,0
DA:246,0
DA:255,0
DA:259,8
DA:260,0
DA:261,0
DA:262,0
DA:264,0
DA:265,0
DA:268,0
DA:269,0
DA:270,0
DA:272,0
DA:273,0
DA:275,0
DA:276,0
DA:278,0
DA:279,0
DA:282,0
DA:283,0
DA:284,0
DA:286,0
DA:287,0
DA:288,0
DA:289,0
DA:290,0
DA:296,0
DA:305,0
DA:309,8
DA:310,1
DA:311,1
DA:312,1
DA:313,1
DA:315,1
DA:316,0
DA:319,1
DA:320,1
DA:323,1
DA:325,1
DA:326,1
DA:327,1
DA:328,0
DA:331,1
DA:332,1
DA:333,1
DA:335,1
DA:336,1
DA:341,0
DA:342,0
DA:347,0
DA:351,1
DA:355,8
DA:356,0
DA:357,0
DA:359,0
DA:360,0
DA:361,0
DA:362,0
DA:363,0
DA:364,0
DA:365,0
DA:367,0
DA:368,0
DA:370,0
DA:371,0
DA:376,0
DA:383,8
LF:166
LH:55
BRDA:7,0,0,8
BRDA:7,0,1,0
BRDA:26,1,0,5
BRDA:26,1,1,1
BRDA:27,2,0,5
BRDA:27,2,1,1
BRDA:35,3,0,0
BRDA:35,3,1,0
BRDA:42,4,0,0
BRDA:42,4,1,0
BRDA:49,5,0,0
BRDA:49,5,1,0
BRDA:58,6,0,1
BRDA:58,6,1,0
BRDA:65,7,0,0
BRDA:65,7,1,0
BRDA:74,8,0,8
BRDA:74,8,1,0
BRDA:80,9,0,0
BRDA:80,10,0,0
BRDA:84,11,0,5
BRDA:84,11,1,0
BRDA:89,12,0,5
BRDA:89,12,1,0
BRDA:99,13,0,0
BRDA:99,13,1,5
BRDA:121,14,0,5
BRDA:121,14,1,0
BRDA:123,15,0,5
BRDA:123,15,1,5
BRDA:136,16,0,0
BRDA:136,16,1,5
BRDA:137,17,0,0
BRDA:137,18,0,0
BRDA:137,19,0,5
BRDA:137,19,1,0
BRDA:151,20,0,0
BRDA:151,20,1,0
BRDA:152,21,0,0
BRDA:152,22,0,0
BRDA:152,23,0,0
BRDA:152,23,1,0
BRDA:166,24,0,0
BRDA:166,24,1,0
BRDA:179,25,0,0
BRDA:179,25,1,0
BRDA:184,26,0,0
BRDA:184,26,1,0
BRDA:188,27,0,0
BRDA:188,27,1,0
BRDA:189,28,0,0
BRDA:189,28,1,0
BRDA:200,29,0,0
BRDA:200,29,1,0
BRDA:215,30,0,0
BRDA:215,30,1,0
BRDA:218,31,0,0
BRDA:218,31,1,0
BRDA:221,32,0,0
BRDA:221,32,1,0
BRDA:221,33,0,0
BRDA:221,33,1,0
BRDA:223,34,0,0
BRDA:223,34,1,0
BRDA:226,35,0,0
BRDA:226,35,1,0
BRDA:228,36,0,0
BRDA:228,36,1,0
BRDA:229,37,0,0
BRDA:229,37,1,0
BRDA:229,38,0,0
BRDA:229,38,1,0
BRDA:234,39,0,0
BRDA:234,39,1,0
BRDA:238,40,0,0
BRDA:238,40,1,0
BRDA:262,41,0,0
BRDA:262,41,1,0
BRDA:264,42,0,0
BRDA:264,42,1,0
BRDA:269,43,0,0
BRDA:269,43,1,0
BRDA:270,44,0,0
BRDA:270,44,1,0
BRDA:273,45,0,0
BRDA:273,45,1,0
BRDA:273,46,0,0
BRDA:273,46,1,0
BRDA:275,47,0,0
BRDA:275,47,1,0
BRDA:275,48,0,0
BRDA:275,48,1,0
BRDA:278,49,0,0
BRDA:278,49,1,0
BRDA:278,50,0,0
BRDA:278,50,1,0
BRDA:288,51,0,0
BRDA:288,51,1,0
BRDA:313,52,0,1
BRDA:313,52,1,0
BRDA:315,53,0,0
BRDA:315,53,1,1
BRDA:315,54,0,1
BRDA:315,54,1,1
BRDA:315,54,2,1
BRDA:320,55,0,1
BRDA:320,55,1,0
BRDA:323,56,0,0
BRDA:323,56,1,1
BRDA:323,57,0,1
BRDA:323,57,1,0
BRDA:327,58,0,0
BRDA:327,58,1,1
BRDA:327,59,0,1
BRDA:327,59,1,0
BRDA:360,60,0,0
BRDA:360,60,1,0
BRDA:363,61,0,0
BRDA:363,61,1,0
BRDA:364,62,0,0
BRDA:364,62,1,0
BRDA:364,63,0,0
BRDA:364,63,1,0
BRDA:365,64,0,0
BRDA:365,64,1,0
BRF:125
BRH:25
end_of_record
TN:
SF:routes/status.js
FN:12,(anonymous_0)
FN:21,(anonymous_1)
FN:41,(anonymous_2)
FN:52,(anonymous_3)
FN:89,(anonymous_4)
FN:89,(anonymous_5)
FN:104,(anonymous_6)
FN:118,(anonymous_7)
FN:127,(anonymous_8)
FN:136,(anonymous_9)
FN:173,(anonymous_10)
FN:180,(anonymous_11)
FN:182,(anonymous_12)
FN:206,(anonymous_13)
FN:295,(anonymous_14)
FN:352,(anonymous_15)
FN:413,(anonymous_16)
FN:427,(anonymous_17)
FN:427,(anonymous_18)
FNF:19
FNH:11
FNDA:0,(anonymous_0)
FNDA:6,(anonymous_1)
FNDA:0,(anonymous_2)
FNDA:0,(anonymous_3)
FNDA:2,(anonymous_4)
FNDA:2,(anonymous_5)
FNDA:1,(anonymous_6)
FNDA:0,(anonymous_7)
FNDA:0,(anonymous_8)
FNDA:1,(anonymous_9)
FNDA:2,(anonymous_10)
FNDA:1,(anonymous_11)
FNDA:2,(anonymous_12)
FNDA:3,(anonymous_13)
FNDA:2,(anonymous_14)
FNDA:2,(anonymous_15)
FNDA:0,(anonymous_16)
FNDA:0,(anonymous_17)
FNDA:0,(anonymous_18)
DA:8,10
DA:9,10
DA:12,10
DA:17,10
DA:22,6
DA:31,6
DA:32,6
DA:35,6
DA:36,6
DA:37,6
DA:38,2
DA:39,0
DA:41,6
DA:42,0
DA:44,0
DA:47,0
DA:50,6
DA:51,6
DA:52,6
DA:62,6
DA:63,6
DA:64,6
DA:65,2
DA:69,6
DA:70,6
DA:79,0
DA:82,6
DA:83,6
DA:84,6
DA:85,6
DA:89,6
DA:90,6
DA:91,0
DA:94,6
DA:101,10
DA:105,1
DA:106,1
DA:107,1
DA:108,1
DA:110,1
DA:111,1
DA:113,1
DA:114,0
DA:118,0
DA:119,0
DA:122,1
DA:123,0
DA:127,0
DA:128,0
DA:132,1
DA:136,1
DA:138,1
DA:148,1
DA:154,1
DA:173,2
DA:174,1
DA:180,1
DA:182,2
DA:195,1
DA:196,1
DA:203,10
DA:207,3
DA:208,3
DA:209,0
DA:212,3
DA:225,3
DA:226,3
DA:227,0
DA:230,3
DA:231,3
DA:232,3
DA:234,3
DA:238,3
DA:240,3
DA:241,3
DA:242,2
DA:243,1
DA:244,0
DA:248,0
DA:249,1
DA:250,0
DA:260,0
DA:261,1
DA:262,0
DA:266,0
DA:267,1
DA:268,1
DA:271,3
DA:272,0
DA:274,3
DA:276,2
DA:292,10
DA:296,2
DA:297,2
DA:298,0
DA:301,2
DA:310,2
DA:311,2
DA:312,0
DA:315,2
DA:316,2
DA:317,2
DA:319,2
DA:320,2
DA:321,0
DA:323,0
DA:327,0
DA:329,2
DA:331,2
DA:337,2
DA:342,2
DA:349,10
DA:353,2
DA:354,2
DA:355,2
DA:357,2
DA:358,0
DA:360,2
DA:362,2
DA:366,2
DA:367,2
DA:368,0
DA:371,2
DA:372,2
DA:373,2
DA:374,2
DA:375,2
DA:376,0
DA:378,0
DA:382,0
DA:384,2
DA:386,2
DA:387,2
DA:390,2
DA:391,1
DA:394,1
DA:395,1
DA:397,1
DA:398,1
DA:399,1
DA:401,0
DA:402,0
DA:410,10
DA:414,0
DA:415,0
DA:417,0
DA:418,0
DA:419,0
DA:420,0
DA:423,0
DA:427,0
DA:429,0
DA:431,0
DA:432,0
DA:433,0
DA:434,0
DA:436,0
LF:157
LH:110
BRDA:25,0,0,0
BRDA:31,1,0,6
BRDA:31,1,1,0
BRDA:32,2,0,0
BRDA:32,2,1,6
BRDA:32,3,0,6
BRDA:32,3,1,0
BRDA:35,4,0,6
BRDA:35,4,1,0
BRDA:36,5,0,0
BRDA:36,5,1,6
BRDA:37,6,0,4
BRDA:37,6,1,2
BRDA:38,7,0,2
BRDA:38,7,1,0
BRDA:41,8,0,6
BRDA:41,8,1,6
BRDA:42,9,0,0
BRDA:42,9,1,0
BRDA:44,10,0,0
BRDA:44,10,1,0
BRDA:45,11,0,0
BRDA:45,11,1,0
BRDA:46,12,0,0
BRDA:46,12,1,0
BRDA:51,13,0,6
BRDA:51,13,1,0
BRDA:51,14,0,6
BRDA:51,14,1,6
BRDA:55,15,0,0
BRDA:55,15,1,0
BRDA:56,16,0,0
BRDA:56,16,1,0
BRDA:57,17,0,0
BRDA:57,17,1,0
BRDA:58,18,0,0
BRDA:58,18,1,0
BRDA:59,19,0,0
BRDA:59,19,1,0
BRDA:63,20,0,6
BRDA:63,20,1,0
BRDA:63,21,0,6
BRDA:63,21,1,4
BRDA:64,22,0,2
BRDA:64,22,1,4
BRDA:64,23,0,6
BRDA:64,23,1,2
BRDA:64,23,2,0
BRDA:76,24,0,6
BRDA:76,24,1,6
BRDA:79,25,0,0
BRDA:79,25,1,0
BRDA:106,26,0,1
BRDA:106,26,1,0
BRDA:107,27,0,0
BRDA:107,27,1,1
BRDA:108,28,0,1
BRDA:108,28,1,1
BRDA:113,29,0,0
BRDA:113,29,1,1
BRDA:119,30,0,0
BRDA:119,30,1,0
BRDA:122,31,0,0
BRDA:122,31,1,1
BRDA:128,32,0,0
BRDA:128,32,1,0
BRDA:143,33,0,1
BRDA:143,33,1,0
BRDA:148,34,0,0
BRDA:148,34,1,1
BRDA:150,35,0,0
BRDA:150,35,1,1
BRDA:158,36,0,0
BRDA:158,36,1,1
BRDA:174,37,0,1
BRDA:174,37,1,0
BRDA:188,38,0,2
BRDA:188,38,1,1
BRDA:195,39,0,0
BRDA:195,39,1,1
BRDA:208,40,0,0
BRDA:208,40,1,3
BRDA:225,41,0,0
BRDA:225,41,1,3
BRDA:226,42,0,0
BRDA:226,42,1,3
BRDA:226,43,0,3
BRDA:226,43,1,3
BRDA:241,44,0,1
BRDA:241,44,1,2
BRDA:241,45,0,3
BRDA:241,45,1,2
BRDA:242,46,0,1
BRDA:242,46,1,1
BRDA:243,47,0,0
BRDA:243,47,1,1
BRDA:249,48,0,0
BRDA:249,48,1,1
BRDA:249,49,0,1
BRDA:249,49,1,1
BRDA:260,50,0,0
BRDA:260,50,1,0
BRDA:261,51,0,0
BRDA:261,51,1,1
BRDA:267,52,0,1
BRDA:267,52,1,0
BRDA:271,53,0,0
BRDA:271,53,1,3
BRDA:271,54,0,3
BRDA:271,54,1,2
BRDA:271,54,2,1
BRDA:271,54,3,1
BRDA:272,55,0,0
BRDA:272,55,1,0
BRDA:274,56,0,1
BRDA:274,56,1,2
BRDA:281,57,0,2
BRDA:281,57,1,1
BRDA:297,58,0,0
BRDA:297,58,1,2
BRDA:297,59,0,2
BRDA:297,59,1,2
BRDA:310,60,0,0
BRDA:310,60,1,2
BRDA:311,61,0,0
BRDA:311,61,1,2
BRDA:311,62,0,2
BRDA:311,62,1,2
BRDA:320,63,0,2
BRDA:320,63,1,0
BRDA:320,64,0,2
BRDA:320,64,1,0
BRDA:321,65,0,0
BRDA:321,65,1,0
BRDA:329,66,0,0
BRDA:329,66,1,2
BRDA:355,67,0,2
BRDA:355,67,1,0
BRDA:357,68,0,0
BRDA:357,68,1,2
BRDA:357,69,0,2
BRDA:357,69,1,2
BRDA:360,70,0,0
BRDA:360,70,1,2
BRDA:366,71,0,0
BRDA:366,71,1,2
BRDA:367,72,0,0
BRDA:367,72,1,2
BRDA:367,73,0,2
BRDA:367,73,1,2
BRDA:375,74,0,2
BRDA:375,74,1,0
BRDA:375,75,0,2
BRDA:375,75,1,0
BRDA:376,76,0,0
BRDA:376,76,1,0
BRDA:384,77,0,0
BRDA:384,77,1,2
BRDA:390,78,0,1
BRDA:390,78,1,1
BRDA:401,79,0,0
BRDA:401,79,1,0
BRDA:415,80,0,0
BRDA:415,80,1,0
BRDA:418,81,0,0
BRDA:418,81,1,0
BRDA:419,82,0,0
BRDA:419,82,1,0
BRDA:419,83,0,0
BRDA:419,83,1,0
BRF:170
BRH:86
end_of_record
TN:
SF:routes/stickers.js
FN:7,(anonymous_0)
FN:25,(anonymous_1)
FNF:2
FNH:0
FNDA:0,(anonymous_0)
FNDA:0,(anonymous_1)
DA:5,0
DA:7,0
DA:8,0
DA:9,0
DA:11,0
DA:12,0
DA:13,0
DA:15,0
DA:16,0
DA:17,0
DA:18,0
DA:19,0
DA:20,0
DA:22,0
DA:23,0
DA:25,0
DA:26,0
DA:28,0
DA:29,0
DA:40,0
DA:42,0
DA:43,0
LF:22
LH:0
BRDA:8,0,0,0
BRDA:8,0,1,0
BRDA:9,1,0,0
BRDA:9,1,1,0
BRDA:12,2,0,0
BRDA:12,2,1,0
BRDA:25,3,0,0
BRDA:25,3,1,0
BRDA:26,4,0,0
BRDA:26,4,1,0
BRDA:28,5,0,0
BRDA:28,5,1,0
BRDA:32,6,0,0
BRDA:32,6,1,0
BRDA:33,7,0,0
BRDA:33,7,1,0
BRDA:35,8,0,0
BRDA:35,8,1,0
BRDA:36,9,0,0
BRDA:36,9,1,0
BRF:20
BRH:0
end_of_record
TN:
SF:routes/users.js
FN:22,(anonymous_0)
FN:56,(anonymous_1)
FN:100,(anonymous_2)
FN:140,(anonymous_3)
FN:148,(anonymous_4)
FN:177,(anonymous_5)
FN:195,(anonymous_6)
FN:213,(anonymous_7)
FN:251,(anonymous_8)
FN:298,(anonymous_9)
FN:311,(anonymous_10)
FNF:11
FNH:0
FNDA:0,(anonymous_0)
FNDA:0,(anonymous_1)
FNDA:0,(anonymous_2)
FNDA:0,(anonymous_3)
FNDA:0,(anonymous_4)
FNDA:0,(anonymous_5)
FNDA:0,(anonymous_6)
FNDA:0,(anonymous_7)
FNDA:0,(anonymous_8)
FNDA:0,(anonymous_9)
FNDA:0,(anonymous_10)
DA:14,8
DA:17,8
DA:19,8
DA:22,8
DA:23,0
DA:25,0
DA:26,0
DA:27,0
DA:30,0
DA:31,0
DA:32,0
DA:33,0
DA:36,0
DA:38,0
DA:47,0
DA:48,0
DA:50,0
DA:51,0
DA:56,8
DA:57,0
DA:58,0
DA:59,0
DA:61,0
DA:62,0
DA:64,0
DA:69,0
DA:70,0
DA:72,0
DA:91,0
DA:93,0
DA:94,0
DA:100,8
DA:101,0
DA:106,0
DA:108,0
DA:109,0
DA:110,0
DA:113,0
DA:114,0
DA:122,0
DA:124,0
DA:125,0
DA:130,8
DA:136,8
DA:141,0
DA:142,0
DA:145,0
DA:146,0
DA:147,0
DA:148,0
DA:149,0
DA:153,0
DA:155,0
DA:162,0
DA:168,0
DA:170,0
DA:171,0
DA:177,8
DA:178,0
DA:179,0
DA:181,0
DA:182,0
DA:187,0
DA:189,0
DA:190,0
DA:195,8
DA:196,0
DA:197,0
DA:199,0
DA:200,0
DA:205,0
DA:207,0
DA:208,0
DA:213,8
DA:214,0
DA:215,0
DA:243,0
DA:245,0
DA:246,0
DA:251,8
DA:252,0
DA:267,0
DA:269,0
DA:272,0
DA:273,0
DA:274,0
DA:275,0
DA:276,0
DA:277,0
DA:278,0
DA:279,0
DA:283,0
DA:285,0
DA:286,0
DA:287,0
DA:290,0
DA:291,0
DA:295,0
DA:296,0
DA:298,0
DA:300,0
DA:307,0
DA:308,0
DA:309,0
DA:311,0
DA:315,0
DA:316,0
DA:319,0
DA:340,0
DA:342,0
DA:343,0
LF:111
LH:12
BRDA:26,0,0,0
BRDA:26,0,1,0
BRDA:32,1,0,0
BRDA:32,1,1,0
BRDA:58,2,0,0
BRDA:58,2,1,0
BRDA:59,3,0,0
BRDA:59,3,1,0
BRDA:69,4,0,0
BRDA:69,4,1,0
BRDA:70,5,0,0
BRDA:70,5,1,0
BRDA:74,6,0,0
BRDA:74,6,1,0
BRDA:109,7,0,0
BRDA:109,7,1,0
BRDA:109,8,0,0
BRDA:109,8,1,0
BRDA:118,9,0,0
BRDA:118,9,1,0
BRDA:119,10,0,0
BRDA:119,10,1,0
BRDA:142,11,0,0
BRDA:142,11,1,0
BRDA:147,12,0,0
BRDA:147,12,1,0
BRDA:179,13,0,0
BRDA:179,13,1,0
BRDA:267,14,0,0
BRDA:267,14,1,0
BRDA:272,15,0,0
BRDA:272,15,1,0
BRDA:273,16,0,0
BRDA:273,16,1,0
BRDA:274,17,0,0
BRDA:274,17,1,0
BRDA:275,18,0,0
BRDA:275,18,1,0
BRDA:276,19,0,0
BRDA:276,19,1,0
BRDA:277,20,0,0
BRDA:277,20,1,0
BRDA:278,21,0,0
BRDA:278,21,1,0
BRDA:278,22,0,0
BRDA:278,22,1,0
BRDA:285,23,0,0
BRDA:285,23,1,0
BRDA:285,24,0,0
BRDA:285,24,1,0
BRDA:290,25,0,0
BRDA:290,25,1,0
BRDA:295,26,0,0
BRDA:295,26,1,0
BRDA:300,27,0,0
BRDA:300,27,1,0
BRDA:307,28,0,0
BRDA:307,28,1,0
BRDA:315,29,0,0
BRDA:315,29,1,0
BRF:60
BRH:0
end_of_record
TN:
SF:services/aiQueue.js
FN:9,sleep
FN:10,(anonymous_1)
FN:13,runNext
FN:38,enqueueAI
FN:43,(anonymous_4)
FNF:5
FNH:0
FNDA:0,sleep
FNDA:0,(anonymous_1)
FNDA:0,runNext
FNDA:0,enqueueAI
FNDA:0,(anonymous_4)
DA:1,0
DA:2,0
DA:3,0
DA:5,0
DA:6,0
DA:7,0
DA:10,0
DA:14,0
DA:15,0
DA:16,0
DA:17,0
DA:18,0
DA:19,0
DA:22,0
DA:23,0
DA:24,0
DA:25,0
DA:27,0
DA:28,0
DA:29,0
DA:31,0
DA:33,0
DA:34,0
DA:39,0
DA:41,0
DA:43,0
DA:44,0
DA:45,0
LF:28
LH:0
BRDA:1,0,0,0
BRDA:1,0,1,0
BRDA:2,1,0,0
BRDA:2,1,1,0
BRDA:3,2,0,0
BRDA:3,2,1,0
BRDA:14,3,0,0
BRDA:14,3,1,0
BRDA:16,4,0,0
BRDA:16,4,1,0
BRDA:22,5,0,0
BRDA:22,5,1,0
BRDA:25,6,0,0
BRDA:25,6,1,0
BRDA:38,7,0,0
BRDA:38,8,0,0
BRDA:39,9,0,0
BRDA:39,9,1,0
BRDA:39,10,0,0
BRDA:39,10,1,0
BRF:20
BRH:0
end_of_record
TN:
SF:services/autoResponder.js
FN:9,(anonymous_0)
FN:11,maybeAutoRespondUsers
FN:44,(anonymous_2)
FN:49,(anonymous_3)
FN:50,(anonymous_4)
FNF:5
FNH:0
FNDA:0,(anonymous_0)
FNDA:0,maybeAutoRespondUsers
FNDA:0,(anonymous_2)
FNDA:0,(anonymous_3)
FNDA:0,(anonymous_4)
DA:5,0
DA:8,0
DA:9,0
DA:12,0
DA:13,0
DA:16,0
DA:19,0
DA:22,0
DA:39,0
DA:42,0
DA:43,0
DA:44,0
DA:48,0
DA:49,0
DA:50,0
DA:52,0
DA:54,0
DA:56,0
DA:60,0
DA:64,0
DA:65,0
DA:66,0
DA:67,0
DA:71,0
DA:76,0
DA:77,0
DA:78,0
DA:81,0
DA:86,0
DA:87,0
DA:89,0
DA:92,0
DA:93,0
DA:95,0
DA:102,0
DA:103,0
LF:36
LH:0
BRDA:13,0,0,0
BRDA:13,0,1,0
BRDA:16,1,0,0
BRDA:16,1,1,0
BRDA:16,2,0,0
BRDA:16,2,1,0
BRDA:16,2,2,0
BRDA:19,3,0,0
BRDA:19,3,1,0
BRDA:42,4,0,0
BRDA:42,4,1,0
BRDA:42,4,2,0
BRDA:44,5,0,0
BRDA:44,5,1,0
BRDA:50,6,0,0
BRDA:50,6,1,0
BRDA:56,7,0,0
BRDA:56,7,1,0
BRDA:57,8,0,0
BRDA:57,8,1,0
BRDA:64,9,0,0
BRDA:64,9,1,0
BRDA:65,10,0,0
BRDA:65,10,1,0
BRDA:66,11,0,0
BRDA:66,11,1,0
BRDA:66,12,0,0
BRDA:66,12,1,0
BRDA:67,13,0,0
BRDA:67,13,1,0
BRDA:68,14,0,0
BRDA:68,14,1,0
BRDA:69,15,0,0
BRDA:69,15,1,0
BRDA:76,16,0,0
BRDA:76,16,1,0
BRDA:78,17,0,0
BRDA:78,17,1,0
BRDA:78,18,0,0
BRDA:78,18,1,0
BRDA:92,19,0,0
BRDA:92,19,1,0
BRF:42
BRH:0
end_of_record
TN:
SF:services/botAssistant.js
FN:20,maybeInvokeOrbitBot
FN:60,(anonymous_1)
FN:65,(anonymous_2)
FN:79,(anonymous_3)
FN:79,(anonymous_4)
FN:95,(anonymous_5)
FN:96,(anonymous_6)
FN:116,(anonymous_7)
FN:138,(anonymous_8)
FNF:9
FNH:0
FNDA:0,maybeInvokeOrbitBot
FNDA:0,(anonymous_1)
FNDA:0,(anonymous_2)
FNDA:0,(anonymous_3)
FNDA:0,(anonymous_4)
FNDA:0,(anonymous_5)
FNDA:0,(anonymous_6)
FNDA:0,(anonymous_7)
FNDA:0,(anonymous_8)
DA:6,0
DA:7,0
DA:22,0
DA:25,0
DA:27,0
DA:28,0
DA:31,0
DA:32,0
DA:35,0
DA:36,0
DA:39,0
DA:53,0
DA:54,0
DA:55,0
DA:57,0
DA:60,0
DA:61,0
DA:64,0
DA:65,0
DA:67,0
DA:70,0
DA:72,0
DA:75,0
DA:78,0
DA:79,0
DA:81,0
DA:83,0
DA:93,0
DA:95,0
DA:96,0
DA:101,0
DA:109,0
DA:112,0
DA:113,0
DA:117,0
DA:126,0
DA:129,0
DA:136,0
LF:38
LH:0
BRDA:6,0,0,0
BRDA:6,0,1,0
BRDA:7,1,0,0
BRDA:7,1,1,0
BRDA:22,2,0,0
BRDA:22,2,1,0
BRDA:25,3,0,0
BRDA:25,3,1,0
BRDA:29,4,0,0
BRDA:29,4,1,0
BRDA:29,4,2,0
BRDA:31,5,0,0
BRDA:31,5,1,0
BRDA:31,6,0,0
BRDA:31,6,1,0
BRDA:32,7,0,0
BRDA:32,7,1,0
BRDA:35,8,0,0
BRDA:35,8,1,0
BRDA:36,9,0,0
BRDA:36,9,1,0
BRDA:53,10,0,0
BRDA:53,10,1,0
BRDA:54,11,0,0
BRDA:54,11,1,0
BRDA:55,12,0,0
BRDA:55,12,1,0
BRDA:57,13,0,0
BRDA:57,13,1,0
BRDA:61,14,0,0
BRDA:61,14,1,0
BRDA:65,15,0,0
BRDA:65,15,1,0
BRDA:67,16,0,0
BRDA:67,16,1,0
BRDA:70,17,0,0
BRDA:70,17,1,0
BRDA:72,18,0,0
BRDA:72,18,1,0
BRDA:72,18,2,0
BRDA:75,19,0,0
BRDA:75,19,1,0
BRDA:75,20,0,0
BRDA:75,20,1,0
BRDA:95,21,0,0
BRDA:95,21,1,0
BRDA:96,22,0,0
BRDA:96,22,1,0
BRDA:118,23,0,0
BRDA:118,23,1,0
BRDA:126,24,0,0
BRDA:126,24,1,0
BRF:52
BRH:0
end_of_record
TN:
SF:services/botPlatform.js
FN:6,parseAllowedHosts
FN:10,(anonymous_1)
FN:14,hostAllowed
FN:17,(anonymous_3)
FN:27,shouldDispatchForContentScope
FN:50,buildMessagePayload
FN:66,(anonymous_6)
FN:89,enqueueBotEventsForMessage
FNF:8
FNH:0
FNDA:0,parseAllowedHosts
FNDA:0,(anonymous_1)
FNDA:0,hostAllowed
FNDA:0,(anonymous_3)
FNDA:0,shouldDispatchForContentScope
FNDA:0,buildMessagePayload
FNDA:0,(anonymous_6)
FNDA:0,enqueueBotEventsForMessage
DA:4,0
DA:7,0
DA:8,0
DA:10,0
DA:15,0
DA:16,0
DA:17,0
DA:18,0
DA:19,0
DA:20,0
DA:21,0
DA:23,0
DA:28,0
DA:29,0
DA:31,0
DA:33,0
DA:36,0
DA:39,0
DA:40,0
DA:44,0
DA:46,0
DA:53,0
DA:66,0
DA:90,0
DA:93,0
DA:100,0
DA:102,0
DA:103,0
DA:104,0
DA:107,0
DA:108,0
DA:109,0
DA:110,0
DA:112,0
DA:115,0
DA:120,0
DA:122,0
DA:128,0
DA:139,0
[...]
BRDA:104,17,0,0
BRDA:104,17,1,0
BRDA:104,17,2,0
BRDA:105,18,0,0
BRDA:105,18,1,0
BRDA:109,19,0,0
BRDA:109,19,1,0
BRDA:110,20,0,0
BRDA:110,20,1,0
BRDA:111,21,0,0
BRDA:111,21,1,0
BRDA:113,22,0,0
BRDA:113,22,1,0
BRDA:113,23,0,0
BRDA:113,23,1,0
BRDA:114,24,0,0
BRDA:114,24,1,0
BRDA:118,25,0,0
BRDA:118,25,1,0
BRDA:120,26,0,0
BRDA:120,26,1,0
BRDA:122,27,0,0
BRDA:122,27,1,0
BRDA:124,28,0,0
BRDA:124,28,1,0
BRDA:128,29,0,0
BRDA:128,29,1,0
BRDA:138,30,0,0
BRDA:138,30,1,0
BRDA:142,31,0,0
BRDA:142,31,1,0
BRDA:143,32,0,0
BRDA:143,32,1,0
BRDA:144,33,0,0
BRDA:144,33,1,0
BRDA:149,34,0,0
BRDA:149,34,1,0
BRDA:155,35,0,0
BRDA:155,35,1,0
BRDA:156,36,0,0
BRDA:156,36,1,0
BRDA:157,37,0,0
BRDA:157,37,1,0
BRDA:158,38,0,0
BRDA:158,38,1,0
BRDA:159,39,0,0
BRDA:159,39,1,0
BRDA:210,40,0,0
BRDA:210,40,1,0
BRDA:211,41,0,0
BRDA:211,41,1,0
BRDA:250,42,0,0
BRDA:250,42,1,0
BRDA:253,43,0,0
BRDA:253,43,1,0
BRDA:254,44,0,0
BRDA:254,44,1,0
BRDA:257,45,0,0
BRDA:257,45,1,0
BRDA:258,46,0,0
BRDA:258,46,1,0
BRDA:258,46,2,0
BRDA:259,47,0,0
BRDA:259,47,1,0
BRDA:259,48,0,0
BRDA:259,48,1,0
BRDA:262,49,0,0
BRDA:262,49,1,0
BRDA:262,50,0,0
BRDA:262,50,1,0
BRDA:265,51,0,0
BRDA:265,51,1,0
BRDA:272,52,0,0
BRDA:272,52,1,0
BRDA:274,53,0,0
BRDA:274,53,1,0
BRDA:275,54,0,0
BRDA:275,54,1,0
BRDA:277,55,0,0
BRDA:277,55,1,0
BRDA:279,56,0,0
BRDA:279,56,1,0
BRDA:292,57,0,0
BRDA:292,57,1,0
BRDA:293,58,0,0
BRDA:293,58,1,0
BRDA:296,59,0,0
BRDA:296,59,1,0
BRDA:302,60,0,0
BRDA:302,60,1,0
BRDA:304,61,0,0
BRDA:304,61,1,0
BRDA:310,62,0,0
BRDA:310,62,1,0
BRF:126
BRH:10
end_of_record
TN:
SF:services/roomService.js
FN:3,getRoomWithOwner
FN:10,getParticipantRole
FN:18,requireOwner
FN:27,requireOwnerOrAdmin
FNF:4
FNH:0
FNDA:0,getRoomWithOwner
FNDA:0,getParticipantRole
FNDA:0,requireOwner
FNDA:0,requireOwnerOrAdmin
DA:4,0
DA:11,0
DA:15,0
DA:19,0
DA:20,0
DA:21,0
DA:22,0
DA:24,0
DA:28,0
DA:29,0
DA:30,0
DA:32,0
DA:33,0
DA:34,0
LF:14
LH:0
BRDA:15,0,0,0
BRDA:15,0,1,0
BRDA:20,1,0,0
BRDA:20,1,1,0
BRDA:21,2,0,0
BRDA:21,2,1,0
BRDA:29,3,0,0
BRDA:29,3,1,0
BRDA:30,4,0,0
BRDA:30,4,1,0
BRDA:33,5,0,0
BRDA:33,5,1,0
BRF:12
BRH:0
end_of_record
TN:
SF:services/socketBus.js
FN:1,(anonymous_0)
FN:4,setSocketIo
FN:6,(anonymous_2)
FN:9,emitToUser
FN:13,getIo
FNF:5
FNH:0
FNDA:0,(anonymous_0)
FNDA:0,setSocketIo
FNDA:0,(anonymous_2)
FNDA:0,emitToUser
FNDA:0,getIo
DA:1,8
DA:2,8
DA:5,0
DA:6,0
DA:10,0
DA:13,0
LF:6
LH:2
BRDA:6,0,0,0
BRDA:6,0,1,0
BRF:2
BRH:0
end_of_record
TN:
SF:services/statusService.js
FN:14,normalizeAudience
FN:26,getAudienceUserIds
FN:42,(anonymous_2)
FN:50,(anonymous_3)
FN:51,(anonymous_4)
FN:63,(anonymous_5)
FN:64,(anonymous_6)
FN:70,createStatusService
FN:129,(anonymous_8)
FN:142,(anonymous_9)
FN:143,(anonymous_10)
FN:185,(anonymous_11)
FN:205,(anonymous_12)
FNF:13
FNH:5
FNDA:6,normalizeAudience
FNDA:2,getAudienceUserIds
FNDA:0,(anonymous_2)
FNDA:0,(anonymous_3)
FNDA:0,(anonymous_4)
FNDA:0,(anonymous_5)
FNDA:0,(anonymous_6)
FNDA:6,createStatusService
FNDA:6,(anonymous_8)
FNDA:0,(anonymous_9)
FNDA:0,(anonymous_10)
FNDA:0,(anonymous_11)
FNDA:2,(anonymous_12)
DA:6,10
DA:15,6
DA:16,6
DA:17,2
DA:18,2
DA:19,0
DA:20,0
DA:31,2
DA:33,2
DA:34,2
DA:38,0
DA:42,0
DA:43,0
DA:45,0
DA:46,0
DA:50,0
DA:51,0
DA:54,0
DA:55,0
DA:59,0
DA:63,0
DA:64,0
DA:79,6
DA:80,6
DA:82,6
DA:92,6
DA:96,6
DA:101,6
DA:109,6
DA:110,0
DA:114,6
DA:115,6
DA:127,6
DA:128,6
DA:129,6
DA:131,6
DA:138,6
DA:139,6
DA:140,6
DA:141,0
DA:142,0
DA:143,0
DA:144,0
DA:145,0
DA:146,0
DA:150,6
DA:151,6
DA:152,6
DA:154,0
DA:155,0
DA:156,0
DA:160,6
DA:161,2
DA:162,2
DA:163,4
DA:164,2
DA:169,6
DA:170,6
DA:172,6
DA:185,0
DA:202,6
DA:203,6
DA:204,2
DA:206,2
DA:221,6
LF:65
LH:40
BRDA:6,0,0,10
BRDA:6,0,1,0
BRDA:15,1,0,6
BRDA:15,1,1,0
BRDA:16,2,0,4
BRDA:16,2,1,2
BRDA:16,3,0,6
BRDA:16,3,1,6
BRDA:17,4,0,0
BRDA:17,4,1,2
BRDA:17,5,0,2
BRDA:17,5,1,2
BRDA:18,6,0,2
BRDA:18,6,1,0
BRDA:19,7,0,0
BRDA:19,7,1,0
BRDA:28,8,0,0
BRDA:29,9,0,0
BRDA:31,10,0,2
BRDA:31,10,1,0
BRDA:33,11,0,2
BRDA:33,11,1,0
BRDA:43,12,0,0
BRDA:43,12,1,0
BRDA:45,13,0,0
BRDA:45,13,1,0
BRDA:45,14,0,0
BRDA:45,14,1,0
BRDA:54,15,0,0
BRDA:54,15,1,0
BRDA:72,16,0,0
BRDA:73,17,0,0
BRDA:74,18,0,0
BRDA:75,19,0,0
BRDA:76,20,0,0
BRDA:92,21,0,0
BRDA:92,21,1,6
BRDA:96,22,0,0
BRDA:96,22,1,6
BRDA:96,23,0,6
BRDA:96,23,1,2
BRDA:96,23,2,2
BRDA:101,24,0,4
BRDA:101,24,1,2
BRDA:109,25,0,0
BRDA:109,25,1,6
BRDA:109,26,0,6
BRDA:109,26,1,2
BRDA:114,27,0,4
BRDA:114,27,1,2
BRDA:127,28,0,6
BRDA:127,28,1,0
BRDA:129,29,0,6
BRDA:129,29,1,0
BRDA:131,30,0,6
BRDA:131,30,1,0
BRDA:132,31,0,0
BRDA:132,31,1,6
BRDA:132,32,0,6
BRDA:132,32,1,6
BRDA:139,33,0,6
BRDA:139,33,1,0
BRDA:140,34,0,0
BRDA:140,34,1,6
BRDA:140,35,0,6
BRDA:140,35,1,6
BRDA:143,36,0,0
BRDA:143,36,1,0
BRDA:145,37,0,0
BRDA:145,37,1,0
BRDA:145,38,0,0
BRDA:145,38,1,0
BRDA:146,39,0,0
BRDA:146,39,1,0
BRDA:152,40,0,0
BRDA:152,40,1,6
BRDA:154,41,0,0
BRDA:154,41,1,0
BRDA:155,42,0,0
BRDA:155,42,1,0
BRDA:156,43,0,0
BRDA:156,43,1,0
BRDA:160,44,0,2
BRDA:160,44,1,4
BRDA:163,45,0,2
BRDA:163,45,1,2
BRDA:163,46,0,4
BRDA:163,46,1,2
BRDA:169,47,0,6
BRDA:169,47,1,0
BRDA:176,48,0,2
BRDA:176,48,1,4
BRDA:182,49,0,0
BRDA:182,49,1,6
BRDA:188,50,0,0
BRDA:188,50,1,0
BRDA:189,51,0,0
BRDA:189,51,1,0
BRDA:190,52,0,0
BRDA:190,52,1,0
BRDA:191,53,0,0
BRDA:191,53,1,0
BRDA:192,54,0,0
BRDA:192,54,1,0
BRDA:202,55,0,6
BRDA:202,55,1,0
BRDA:203,56,0,2
BRDA:203,56,1,4
BRF:108
BRH:48
end_of_record
TN:
SF:services/stt/index.js
FN:8,transcribeFromUrl
FNF:1
FNH:0
FNDA:0,transcribeFromUrl
DA:3,0
DA:4,0
DA:5,0
DA:9,0
LF:4
LH:0
BRDA:3,0,0,0
BRDA:3,0,1,0
BRDA:5,1,0,0
BRDA:5,1,1,0
BRDA:8,2,0,0
BRF:5
BRH:0
end_of_record
TN:
SF:services/stt/mock.js
FN:1,transcribeFromUrl
FNF:1
FNH:0
FNDA:0,transcribeFromUrl
DA:3,0
LF:1
LH:0
BRDA:1,0,0,0
BRF:1
BRH:0
end_of_record
TN:
SF:services/stt/usage.js
FN:5,monthKey
FN:9,addUsageSeconds
FN:18,getUsageSeconds
FN:31,attachCaptionWS
FN:34,(anonymous_4)
FN:36,(anonymous_5)
FN:41,(anonymous_6)
FN:45,(anonymous_7)
FN:58,(anonymous_8)
FN:59,(anonymous_9)
FNF:10
FNH:0
FNDA:0,monthKey
FNDA:0,addUsageSeconds
FNDA:0,getUsageSeconds
FNDA:0,attachCaptionWS
FNDA:0,(anonymous_4)
FNDA:0,(anonymous_5)
FNDA:0,(anonymous_6)
FNDA:0,(anonymous_7)
FNDA:0,(anonymous_8)
FNDA:0,(anonymous_9)
DA:6,0
DA:10,0
DA:11,0
DA:19,0
DA:22,0
DA:29,0
DA:32,0
DA:34,0
DA:35,0
DA:36,0
DA:37,0
DA:41,0
DA:43,0
DA:44,0
DA:45,0
DA:46,0
DA:47,0
DA:48,0
DA:51,0
DA:52,0
DA:58,0
DA:59,0
LF:22
LH:0
BRDA:5,0,0,0
BRDA:22,1,0,0
BRDA:22,1,1,0
BRDA:35,2,0,0
BRDA:35,2,1,0
BRDA:47,3,0,0
BRDA:47,3,1,0
BRDA:51,4,0,0
BRDA:51,4,1,0
BRF:9
BRH:0
end_of_record
TN:
SF:utils/antivirus.js
FN:1,scanFile
FNF:1
FNH:0
FNDA:0,scanFile
DA:2,0
DA:4,0
LF:2
LH:0
BRDA:2,0,0,0
BRDA:2,0,1,0
BRF:2
BRH:0
end_of_record
TN:
SF:utils/asyncHandler.js
FN:1,(anonymous_0)
FN:1,(anonymous_1)
FNF:2
FNH:2
FNDA:230,(anonymous_0)
FNDA:60,(anonymous_1)
DA:1,230
DA:2,60
LF:2
LH:2
BRF:0
BRH:0
end_of_record
TN:
SF:utils/asyncPool.js
FN:1,asyncPool
FN:5,(anonymous_1)
FN:8,(anonymous_2)
FNF:3
FNH:0
FNDA:0,asyncPool
FNDA:0,(anonymous_1)
FNDA:0,(anonymous_2)
DA:2,0
DA:3,0
DA:4,0
DA:5,0
DA:6,0
DA:7,0
DA:8,0
DA:9,0
DA:10,0
DA:11,0
DA:14,0
LF:11
LH:0
BRDA:10,0,0,0
BRDA:10,0,1,0
BRF:2
BRH:0
end_of_record
TN:
SF:utils/auditWrite.js
FN:3,writeAudit
FNF:1
FNH:0
FNDA:0,writeAudit
DA:13,0
DA:14,0
LF:2
LH:0
BRDA:8,0,0,0
BRDA:9,1,0,0
BRDA:10,2,0,0
BRDA:11,3,0,0
BRDA:19,4,0,0
BRDA:19,4,1,0
BRF:6
BRH:0
end_of_record
TN:
SF:utils/botSign.js
FN:3,signBody
FN:9,verifySignature
FNF:2
FNH:2
FNDA:6,signBody
FNDA:4,verifySignature
DA:4,6
DA:5,6
DA:6,6
DA:16,4
DA:17,4
DA:18,3
DA:19,3
DA:21,2
DA:23,2
DA:24,2
DA:25,2
DA:26,1
LF:12
LH:12
BRDA:14,0,0,4
BRDA:17,1,0,1
BRDA:17,1,1,3
BRDA:19,2,0,1
BRDA:19,2,1,2
BRDA:24,3,0,2
BRDA:24,3,1,0
BRDA:25,4,0,1
BRDA:25,4,1,1
BRF:9
BRH:8
end_of_record
TN:
SF:utils/cryptoProvision.js
FN:5,randomBytes
FN:8,toB64
FN:11,fromB64
FN:15,hkdf
FN:25,deriveSharedKey
FN:36,seal
FN:43,open
FNF:7
FNH:0
FNDA:0,randomBytes
FNDA:0,toB64
FNDA:0,fromB64
FNDA:0,hkdf
FNDA:0,deriveSharedKey
FNDA:0,seal
FNDA:0,open
DA:6,0
DA:9,0
DA:12,0
DA:16,0
DA:26,0
DA:27,0
DA:28,0
DA:32,0
DA:33,0
DA:37,0
DA:38,0
DA:39,0
DA:40,0
DA:44,0
DA:45,0
DA:46,0
DA:47,0
DA:48,0
LF:18
LH:0
BRDA:5,0,0,0
BRDA:15,1,0,0
BRDA:15,2,0,0
BRDA:47,3,0,0
BRDA:47,3,1,0
BRF:5
BRH:0
end_of_record
TN:
SF:utils/date.js
FN:6,formatDate
FN:21,formatTime
FN:36,addDays
FNF:3
FNH:3
FNDA:1,formatDate
FNDA:3,formatTime
FNDA:2,addDays
DA:7,1
DA:8,1
DA:9,1
DA:22,3
DA:23,3
DA:24,1
DA:37,2
DA:38,2
DA:39,1
DA:40,1
LF:10
LH:10
BRDA:7,0,0,1
BRDA:7,0,1,0
BRDA:8,1,0,0
BRDA:8,1,1,1
BRDA:22,2,0,3
BRDA:22,2,1,0
BRDA:23,3,0,2
BRDA:23,3,1,1
BRDA:37,4,0,1
BRDA:37,4,1,1
BRDA:38,5,0,1
BRDA:38,5,1,1
BRF:12
BRH:9
end_of_record
TN:
SF:utils/downloadTokens.js
FN:6,getSecret
FN:14,signDownloadToken
FN:31,verifyDownloadToken
FNF:3
FNH:3
FNDA:5,getSecret
FNDA:2,signDownloadToken
FNDA:3,verifyDownloadToken
DA:3,9
DA:4,9
DA:8,5
DA:9,5
DA:10,0
DA:11,0
DA:22,2
DA:23,2
DA:24,2
DA:35,3
DA:36,3
DA:38,3
DA:40,1
DA:42,2
LF:14
LH:12
BRDA:9,0,0,5
BRDA:9,0,1,0
BRDA:9,1,0,5
BRDA:9,1,1,5
BRDA:10,2,0,0
BRDA:10,2,1,0
BRDA:17,3,0,2
BRDA:18,4,0,0
BRDA:19,5,0,2
BRDA:20,6,0,2
BRDA:25,7,0,2
BRDA:25,7,1,1
BRDA:33,8,0,3
BRDA:33,9,0,3
BRDA:33,10,0,3
BRDA:38,11,0,1
BRDA:38,11,1,2
BRDA:38,12,0,3
BRDA:38,12,1,3
BRDA:38,12,2,3
BRDA:44,13,0,2
BRDA:44,13,1,1
BRDA:45,14,0,2
BRDA:45,14,1,0
BRF:24
BRH:19
end_of_record
TN:
SF:utils/encryption.js
FN:18,(anonymous_0)
FN:20,generateKeyPair
FN:32,sealKeyInline
FN:54,encryptMessageForParticipants
FN:85,(anonymous_4)
FN:135,decryptMessageForUser
FNF:6
FNH:1
FNDA:0,(anonymous_0)
FNDA:11,generateKeyPair
FNDA:0,sealKeyInline
FNDA:0,encryptMessageForParticipants
FNDA:0,(anonymous_4)
FNDA:0,decryptMessageForUser
DA:6,10
DA:7,10
DA:8,10
DA:9,10
DA:15,10
DA:18,10
DA:21,11
DA:22,11
DA:33,0
DA:34,0
DA:35,0
DA:37,0
DA:43,0
DA:44,0
DA:60,0
DA:61,0
DA:62,0
DA:63,0
DA:64,0
DA:65,0
DA:68,0
DA:69,0
DA:70,0
DA:71,0
DA:72,0
DA:73,0
DA:74,0
DA:75,0
DA:79,0
DA:80,0
DA:81,0
DA:82,0
DA:84,0
DA:86,0
DA:87,0
DA:92,0
DA:95,0
DA:103,0
DA:104,0
DA:108,0
DA:109,0
DA:118,0
DA:124,0
DA:141,0
DA:142,0
DA:143,0
DA:145,0
DA:151,0
DA:153,0
DA:155,0
DA:156,0
DA:157,0
DA:158,0
DA:160,0
DA:161,0
DA:162,0
DA:163,0
LF:57
LH:8
BRDA:15,0,0,10
BRDA:15,0,1,10
BRDA:71,1,0,0
BRDA:71,1,1,0
BRDA:72,2,0,0
BRDA:72,2,1,0
BRDA:72,3,0,0
BRDA:72,3,1,0
BRDA:73,4,0,0
BRDA:73,4,1,0
BRDA:79,5,0,0
BRDA:79,5,1,0
BRDA:80,6,0,0
BRDA:80,6,1,0
BRDA:151,7,0,0
BRDA:151,7,1,0
BRF:16
BRH:2
end_of_record
TN:
SF:utils/env.js
FN:5,requireEnv
FN:17,assertRequiredEnv
FN:19,(anonymous_2)
FN:32,(anonymous_3)
FNF:4
FNH:3
FNDA:3,requireEnv
FNDA:2,assertRequiredEnv
FNDA:4,(anonymous_2)
FNDA:0,(anonymous_3)
DA:6,3
DA:7,3
DA:8,2
DA:10,1
DA:18,2
DA:19,4
DA:21,2
DA:22,1
DA:32,1
LF:9
LH:9
BRDA:5,0,0,3
BRDA:7,1,0,2
BRDA:7,1,1,1
BRDA:7,2,0,3
BRDA:7,2,1,1
BRDA:7,2,2,1
BRDA:19,3,0,4
BRDA:19,3,1,2
BRDA:21,4,0,1
BRDA:21,4,1,1
BRDA:32,5,0,0
BRDA:32,5,1,0
BRF:12
BRH:10
end_of_record
TN:
SF:utils/filter.js
FN:11,isExplicit
FN:21,cleanText
FNF:2
FNH:2
FNDA:9,isExplicit
FNDA:2,cleanText
DA:4,11
DA:12,9
DA:22,2
DA:23,0
DA:25,2
LF:5
LH:4
BRDA:21,0,0,1
BRDA:22,1,0,0
BRDA:22,1,1,2
BRDA:22,2,0,2
BRDA:22,2,1,1
BRF:5
BRH:4
end_of_record
TN:
SF:utils/generateAIResponse.js
FN:7,generateAIResponse
FNF:1
FNH:0
FNDA:0,generateAIResponse
DA:3,0
DA:5,0
DA:8,0
DA:9,0
DA:20,0
DA:22,0
DA:23,0
LF:7
LH:0
BRDA:20,0,0,0
BRDA:20,0,1,0
BRF:2
BRH:0
end_of_record
TN:
SF:utils/inviteTemplate.js
FN:12,createInviteTemplate
FNF:1
FNH:0
FNDA:0,createInviteTemplate
DA:20,0
LF:1
LH:0
BRF:0
BRH:0
end_of_record
TN:
SF:utils/logger.js
FNF:0
FNH:0
DA:3,8
DA:8,8
LF:2
LH:2
BRDA:9,0,0,8
BRDA:9,0,1,0
BRDA:12,1,0,0
BRDA:12,1,1,8
BRF:4
BRH:2
end_of_record
TN:
SF:utils/lru.js
FN:2,(anonymous_0)
FN:6,(anonymous_1)
FN:13,(anonymous_2)
FN:18,(anonymous_3)
FN:27,(anonymous_4)
FNF:5
FNH:1
FNDA:8,(anonymous_0)
FNDA:0,(anonymous_1)
FNDA:0,(anonymous_2)
FNDA:0,(anonymous_3)
FNDA:0,(anonymous_4)
DA:3,8
DA:4,8
DA:7,0
DA:8,0
DA:9,0
DA:10,0
DA:11,0
DA:14,0
DA:15,0
DA:16,0
DA:19,0
DA:20,0
DA:21,0
DA:22,0
DA:23,0
DA:25,0
DA:28,0
DA:29,0
DA:30,0
DA:32,0
DA:33,0
LF:21
LH:2
BRDA:2,0,0,0
BRDA:7,1,0,0
BRDA:7,1,1,0
BRDA:13,2,0,0
BRDA:20,3,0,0
BRDA:20,3,1,0
BRDA:21,4,0,0
BRDA:21,4,1,0
BRDA:21,5,0,0
BRDA:21,5,1,0
BRDA:28,6,0,0
BRDA:28,6,1,0
BRF:12
BRH:0
end_of_record
TN:
SF:utils/numberActivity.js
FN:3,bumpNumberActivity
FNF:1
FNH:0
FNDA:0,bumpNumberActivity
DA:4,0
DA:5,0
DA:6,0
LF:3
LH:0
BRDA:5,0,0,0
BRDA:5,0,1,0
BRF:2
BRH:0
end_of_record
TN:
SF:utils/prismaClient.js
FN:16,normalizeParticipantCreateArgs
FN:32,(anonymous_1)
FN:36,(anonymous_2)
FN:38,(anonymous_3)
FNF:4
FNH:0
FNDA:0,normalizeParticipantCreateArgs
FNDA:0,(anonymous_1)
FNDA:0,(anonymous_2)
FNDA:0,(anonymous_3)
DA:2,22
DA:4,22
DA:7,22
DA:17,0
DA:18,0
DA:19,0
DA:24,0
DA:25,0
DA:27,0
DA:31,22
DA:32,22
DA:35,22
DA:36,22
DA:37,0
DA:38,0
DA:39,0
DA:44,0
DA:45,0
DA:47,0
DA:49,0
DA:51,0
DA:55,22
DA:56,22
LF:23
LH:9
BRDA:7,0,0,22
BRDA:7,0,1,22
BRDA:17,1,0,0
BRDA:17,1,1,0
BRDA:17,2,0,0
BRDA:17,2,1,0
BRDA:18,3,0,0
BRDA:18,3,1,0
BRDA:19,4,0,0
BRDA:19,4,1,0
BRDA:20,5,0,0
BRDA:20,5,1,0
BRDA:20,5,2,0
BRDA:37,6,0,0
BRDA:37,6,1,0
BRDA:37,7,0,0
BRDA:37,7,1,0
BRDA:39,8,0,0
BRDA:39,8,1,0
BRDA:40,9,0,0
BRDA:40,9,1,0
BRDA:40,9,2,0
BRDA:55,10,0,22
BRDA:55,10,1,0
BRF:24
BRH:3
end_of_record
TN:
SF:utils/r2.js
FN:28,r2PutObject
FN:43,r2PresignGet
FNF:2
FNH:0
FNDA:0,r2PutObject
FNDA:0,r2PresignGet
DA:9,8
DA:11,8
DA:12,8
DA:16,8
DA:30,0
DA:37,0
DA:44,0
DA:48,0
LF:8
LH:4
BRDA:11,0,0,8
BRDA:11,0,1,0
BRDA:11,1,0,8
BRDA:11,1,1,0
BRDA:11,1,2,0
BRDA:11,1,3,0
BRDA:28,2,0,0
BRDA:34,3,0,0
BRDA:34,3,1,0
BRDA:43,4,0,0
BRF:10
BRH:2
end_of_record
TN:
SF:utils/redisClient.js
FN:16,(anonymous_0)
FN:17,(anonymous_1)
FN:21,ensureRedis
FN:34,rSetJSON
FN:40,rGetJSON
FNF:5
FNH:1
FNDA:40,(anonymous_0)
FNDA:0,(anonymous_1)
FNDA:0,ensureRedis
FNDA:0,rSetJSON
FNDA:0,rGetJSON
DA:3,10
DA:6,10
DA:7,10
DA:10,10
DA:13,10
DA:16,10
DA:17,40
DA:20,10
DA:22,0
DA:23,0
DA:29,0
DA:30,0
DA:35,0
DA:36,0
DA:37,0
DA:41,0
DA:42,0
LF:17
LH:8
BRDA:3,0,0,10
BRDA:3,0,1,0
BRDA:22,1,0,0
BRDA:22,1,1,0
BRDA:36,2,0,0
BRDA:36,2,1,0
BRDA:42,3,0,0
BRDA:42,3,1,0
BRF:8
BRH:1
end_of_record
TN:
SF:utils/resetTokens.js
FN:10,issueResetToken
FN:24,consumeResetToken
FNF:2
FNH:2
FNDA:1,issueResetToken
FNDA:1,consumeResetToken
DA:3,8
DA:6,8
DA:8,8
DA:11,1
DA:12,1
DA:14,1
DA:15,1
DA:16,1
DA:20,0
DA:21,0
DA:25,1
DA:26,1
DA:27,1
DA:28,1
DA:29,1
LF:15
LH:13
BRDA:14,0,0,1
BRDA:14,0,1,0
BRDA:26,1,0,0
BRDA:26,1,1,1
BRDA:28,2,0,0
BRDA:28,2,1,1
BRF:6
BRH:3
end_of_record
TN:
SF:utils/roomAuth.js
FN:16,getEffectiveRoomRank
FN:61,requireRoomRank
FN:62,(anonymous_2)
FN:90,canActOnRank
FNF:4
FNH:3
FNDA:8,getEffectiveRoomRank
FNDA:8,requireRoomRank
FNDA:0,(anonymous_2)
FNDA:6,canActOnRank
DA:4,9
DA:22,8
DA:23,8
DA:24,8
DA:25,1
DA:28,7
DA:30,6
DA:34,6
DA:36,5
DA:38,4
DA:43,4
DA:45,3
DA:47,1
DA:49,1
DA:52,1
DA:62,8
DA:63,0
DA:64,0
DA:65,0
DA:67,0
DA:73,0
DA:74,0
DA:76,0
DA:78,0
DA:91,6
DA:92,5
DA:93,3
DA:94,1
LF:28
LH:20
BRDA:24,0,0,1
BRDA:24,0,1,7
BRDA:24,1,0,8
BRDA:24,1,1,7
BRDA:28,2,0,1
BRDA:28,2,1,6
BRDA:34,3,0,1
BRDA:34,3,1,5
BRDA:36,4,0,1
BRDA:36,4,1,4
BRDA:43,5,0,1
BRDA:43,5,1,3
BRDA:45,6,0,1
BRDA:45,6,1,1
BRDA:45,6,2,1
BRDA:45,6,3,1
BRDA:64,7,0,0
BRDA:64,7,1,0
BRDA:65,8,0,0
BRDA:65,8,1,0
BRDA:73,9,0,0
BRDA:73,9,1,0
BRDA:74,10,0,0
BRDA:74,10,1,0
BRDA:91,11,0,1
BRDA:91,11,1,5
BRDA:92,12,0,2
BRDA:92,12,1,3
BRDA:93,13,0,2
BRDA:93,13,1,1
BRF:30
BRH:22
end_of_record
TN:
SF:utils/sendMail.js
FN:14,sendMail
FNF:1
FNH:0
FNDA:0,sendMail
DA:3,0
DA:5,0
DA:15,0
DA:16,0
DA:22,0
DA:23,0
DA:24,0
DA:26,0
DA:28,0
DA:29,0
LF:10
LH:0
BRDA:6,0,0,0
BRDA:6,0,1,0
BRDA:7,1,0,0
BRDA:7,1,1,0
BRDA:17,2,0,0
BRDA:17,2,1,0
BRDA:24,3,0,0
BRDA:24,3,1,0
BRF:8
BRH:0
end_of_record
TN:
SF:utils/subscription.js
FN:1,isPremiumPlan
FNF:1
FNH:1
FNDA:6,isPremiumPlan
DA:2,6
DA:3,4
DA:4,4
LF:3
LH:3
BRDA:2,0,0,2
BRDA:2,0,1,4
BRF:2
BRH:2
end_of_record
TN:
SF:utils/thumbnailer.js
FN:9,ensureThumb
FNF:1
FNH:0
FNDA:0,ensureThumb
DA:6,8
DA:7,8
DA:10,0
DA:11,0
DA:13,0
DA:14,0
DA:15,0
DA:19,0
DA:24,0
LF:9
LH:2
BRF:0
BRH:0
end_of_record
TN:
SF:utils/tokenBucket.js
FN:2,allow
FNF:1
FNH:1
FNDA:6,allow
DA:1,9
DA:3,6
DA:4,6
DA:5,6
DA:6,6
DA:7,6
DA:8,6
DA:9,6
DA:10,2
DA:11,2
DA:13,4
DA:14,4
DA:15,4
LF:13
LH:13
BRDA:2,0,0,0
BRDA:2,1,0,0
BRDA:5,2,0,2
BRDA:5,2,1,4
BRDA:9,3,0,2
BRDA:9,3,1,4
BRF:6
BRH:4
end_of_record
TN:
SF:utils/translate.js
FN:12,(anonymous_0)
FN:13,(anonymous_1)
FN:14,(anonymous_2)
FN:23,translateWithCache
FN:58,translateForTargets
FN:60,(anonymous_5)
FN:76,translateOne
FNF:7
FNH:0
FNDA:0,(anonymous_0)
FNDA:0,(anonymous_1)
FNDA:0,(anonymous_2)
FNDA:0,translateWithCache
FNDA:0,translateForTargets
FNDA:0,(anonymous_5)
FNDA:0,translateOne
DA:5,10
DA:6,10
DA:9,10
DA:10,10
DA:12,10
DA:13,10
DA:14,10
DA:15,0
DA:16,0
DA:24,0
DA:27,0
DA:28,0
DA:31,0
DA:32,0
DA:33,0
DA:34,0
DA:35,0
DA:36,0
DA:43,0
DA:46,0
DA:47,0
DA:48,0
DA:49,0
DA:52,0
DA:59,0
DA:60,0
DA:62,0
DA:64,0
DA:65,0
DA:66,0
DA:67,0
DA:69,0
DA:72,0
DA:77,0
DA:78,0
LF:35
LH:7
BRDA:16,0,0,0
BRDA:16,0,1,0
BRDA:23,1,0,0
BRDA:28,2,0,0
BRDA:28,2,1,0
BRDA:34,3,0,0
BRDA:34,3,1,0
BRDA:60,4,0,0
BRDA:60,4,1,0
BRDA:60,5,0,0
BRDA:60,5,1,0
BRDA:62,6,0,0
BRDA:62,6,1,0
BRDA:62,7,0,0
BRDA:62,7,1,0
BRDA:77,8,0,0
BRDA:77,8,1,0
BRDA:77,9,0,0
BRDA:77,9,1,0
BRF:19
BRH:0
end_of_record
TN:
SF:utils/translateText.js
FN:16,deeplTranslate
FN:31,(anonymous_1)
FN:45,openaiTranslate
FN:68,(anonymous_3)
FN:82,translateOnce
FN:112,translateText
FN:121,(anonymous_6)
FN:148,(anonymous_7)
FN:152,(anonymous_8)
FN:166,(anonymous_9)
FNF:10
FNH:0
FNDA:0,deeplTranslate
FNDA:0,(anonymous_1)
FNDA:0,openaiTranslate
FNDA:0,(anonymous_3)
FNDA:0,translateOnce
FNDA:0,translateText
FNDA:0,(anonymous_6)
FNDA:0,(anonymous_7)
FNDA:0,(anonymous_8)
FNDA:0,(anonymous_9)
DA:6,8
DA:7,8
DA:10,8
DA:13,8
DA:17,0
DA:30,0
DA:31,0
DA:32,0
DA:35,0
DA:36,0
DA:38,0
DA:41,0
DA:46,0
DA:47,0
DA:67,0
DA:68,0
DA:69,0
DA:72,0
DA:73,0
DA:74,0
DA:84,0
DA:85,0
DA:86,0
DA:89,0
DA:94,0
DA:95,0
DA:99,0
DA:118,0
DA:119,0
DA:121,0
DA:122,0
DA:123,0
DA:124,0
DA:126,0
DA:127,0
DA:128,0
DA:129,0
DA:140,0
DA:145,0
DA:148,0
DA:149,0
DA:150,0
DA:152,0
DA:153,0
DA:154,0
DA:156,0
DA:157,0
DA:162,0
DA:169,0
LF:49
LH:4
BRDA:11,0,0,8
BRDA:11,0,1,8
BRDA:13,1,0,8
BRDA:13,1,1,8
BRDA:26,2,0,0
BRDA:26,2,1,0
BRDA:30,3,0,0
BRDA:30,3,1,0
BRDA:36,4,0,0
BRDA:36,4,1,0
BRDA:38,5,0,0
BRDA:38,5,1,0
BRDA:38,5,2,0
BRDA:54,6,0,0
BRDA:54,6,1,0
BRDA:58,7,0,0
BRDA:58,7,1,0
BRDA:67,8,0,0
BRDA:67,8,1,0
BRDA:73,9,0,0
BRDA:73,9,1,0
BRDA:76,10,0,0
BRDA:76,10,1,0
BRDA:84,11,0,0
BRDA:84,11,1,0
BRDA:89,12,0,0
BRDA:89,12,1,0
BRDA:94,13,0,0
BRDA:94,13,1,0
BRDA:101,14,0,0
BRDA:101,14,1,0
BRDA:116,15,0,0
BRDA:118,16,0,0
BRDA:118,16,1,0
BRDA:118,17,0,0
BRDA:118,17,1,0
BRDA:121,18,0,0
BRDA:121,18,1,0
BRDA:124,19,0,0
BRDA:124,19,1,0
BRDA:127,20,0,0
BRDA:127,20,1,0
BRDA:134,21,0,0
BRDA:134,21,1,0
BRDA:143,22,0,0
BRDA:143,22,1,0
BRDA:148,23,0,0
BRDA:148,23,1,0
BRDA:149,24,0,0
BRDA:149,24,1,0
BRDA:150,25,0,0
BRDA:150,25,1,0
BRDA:154,26,0,0
BRDA:154,26,1,0
BRDA:160,27,0,0
BRDA:160,27,1,0
BRDA:174,28,0,0
BRDA:174,28,1,0
BRDA:174,28,2,0
BRF:59
BRH:4
end_of_record
TN:
SF:utils/turn.js
FNF:0
FNH:0
LF:0
LH:0
BRF:0
BRH:0
end_of_record
TN:
SF:utils/upload.js
FN:38,storageFor
FN:40,(anonymous_1)
FN:41,(anonymous_2)
FN:51,makeUploader
FN:58,(anonymous_4)
FNF:5
FNH:2
FNDA:18,storageFor
FNDA:0,(anonymous_1)
FNDA:0,(anonymous_2)
FNDA:18,makeUploader
FNDA:0,(anonymous_4)
DA:5,9
DA:6,9
DA:7,9
DA:9,9
DA:10,27
DA:14,9
DA:15,9
DA:23,9
DA:24,9
DA:25,9
DA:28,9
DA:39,18
DA:40,0
DA:42,0
DA:45,0
DA:46,0
DA:56,18
DA:58,18
DA:59,0
DA:60,0
DA:61,0
DA:62,0
DA:63,0
DA:66,18
DA:73,9
LF:25
LH:16
BRDA:5,0,0,9
BRDA:5,0,1,9
BRDA:42,1,0,0
BRDA:42,1,1,0
BRDA:51,2,0,1
BRDA:52,3,0,1
BRDA:53,4,0,1
BRDA:54,5,0,1
BRDA:56,6,0,9
BRDA:56,6,1,9
BRDA:60,7,0,0
BRDA:60,7,1,0
BRDA:62,8,0,0
BRDA:62,8,1,0
BRDA:62,9,0,0
BRDA:62,9,1,0
BRF:16
BRH:8
end_of_record
TN:
SF:utils/validateUser.js
FN:3,validateRegistrationInput
FNF:1
FNH:1
FNDA:6,validateRegistrationInput
DA:4,6
DA:5,1
DA:8,5
DA:9,1
DA:12,4
DA:13,3
LF:6
LH:6
BRDA:4,0,0,1
BRDA:4,0,1,5
BRDA:4,1,0,6
BRDA:4,1,1,5
BRDA:4,1,2,5
BRDA:8,2,0,1
BRDA:8,2,1,4
BRDA:12,3,0,3
BRDA:12,3,1,1
BRDA:12,4,0,4
BRDA:12,4,1,4
BRDA:12,4,2,2
BRF:12
BRH:12
end_of_record
